▶️  Iniciando diagnóstico 2025-09-10-040633

=== Contexto Git ===
## fix/supabase-sync-250910-0131
 M app/(app)/perfil/page.tsx
 M components/ColorEmoji.tsx
 M eslint.config.mjs
 M lib/database.types.ts
 M lib/org.ts
 M lib/patient-files.ts
 M lib/patient-notes.ts
 M lib/patient-shares.ts
 M lib/patients.ts
 M lib/supabase-browser.ts
 M lib/supabase/client.ts
 M logs/diag-2025-09-10-034410/eslint.json
 M package-lock.json
 M package.json
 M tsconfig.typecheck.json
?? logs/diag-2025-09-10-035844.tgz
?? logs/diag-2025-09-10-035844/
?? logs/diag-2025-09-10-040633/
92ccf8f6df6778444c3bcae248236f63f900d782
commit 92ccf8f6df6778444c3bcae248236f63f900d782
Author:     Sanoa <martin.maldonado32@gmail.com>
AuthorDate: Wed Sep 10 03:56:42 2025 +0000
Commit:     Sanoa <martin.maldonado32@gmail.com>
CommitDate: Wed Sep 10 03:56:42 2025 +0000

    WIP: antes de parche ESLint/Supabase

=== Versiones básicas ===
v22.17.0
9.8.1
10.13.1
1.22.22

  System:
    OS: Linux 6.8 Ubuntu 24.04.2 LTS 24.04.2 LTS (Noble Numbat)
    CPU: (2) x64 AMD EPYC 7763 64-Core Processor
    Memory: 5.50 GB / 7.76 GB
    Container: Yes
    Shell: 5.2.21 - /bin/bash
  Binaries:
    Node: 22.17.0 - ~/nvm/current/bin/node
    Yarn: 1.22.22 - /usr/bin/yarn
    npm: 9.8.1 - ~/nvm/current/bin/npm
    pnpm: 10.13.1 - ~/nvm/current/bin/pnpm


=== Paquetes del proyecto ===
{
  "deps": {
    "@radix-ui/react-label": "^2.1.7",
    "@radix-ui/react-slot": "^1.2.3",
    "@sentry/nextjs": "^10.11.0",
    "@supabase/auth-helpers-nextjs": "0.10.0",
    "@supabase/supabase-js": "2.57.2",
    "class-variance-authority": "^0.7.1",
    "clsx": "^2.1.1",
    "html2canvas": "^1.4.1",
    "jspdf": "^3.0.2",
    "lucide-react": "^0.542.0",
    "next": "15.5.2",
    "react": "19.1.0",
    "react-dom": "19.1.0",
    "tailwind-merge": "^3.3.1",
    "tailwindcss-animate": "^1.0.7"
  },
  "devDeps": {
    "@eslint/eslintrc": "^3",
    "@next/eslint-plugin-next": "^15.5.2",
    "@tailwindcss/postcss": "^4",
    "@types/node": "^20.19.13",
    "@types/react": "^19.1.12",
    "@types/react-dom": "^19",
    "eslint": "^9.35.0",
    "eslint-config-next": "^15.5.2",
    "eslint-config-prettier": "^10.1.8",
    "eslint-formatter-unix": "^8.40.0",
    "eslint-plugin-import": "^2.32.0",
    "eslint-plugin-react": "^7.37.5",
    "eslint-plugin-react-hooks": "^5.2.0",
    "prettier": "^3.6.2",
    "tailwindcss": "^4",
    "tw-animate-css": "^1.3.8",
    "typescript": "^5",
    "typescript-eslint": "^8.43.0"
  }
}

=== Variables de entorno (enmascaradas) ===
--- .env.local ---
NEXT_PUBLIC_SUPABASE_URL=***MASKED***
NEXT_PUBLIC_SUPABASE_ANON_KEY=***MASKED***
NEXT_PUBLIC_SITE_URL=***MASKED***
NEXT_PUBLIC_APP_VERSION=***MASKED***
NEXT_PUBLIC_UPLOAD_MAX_MB=***MASKED***
NEXT_PUBLIC_UPLOAD_ALLOWED=***MASKED***
NEXT_PUBLIC_SIGNED_URL_TTL=***MASKED***
NEXT_PUBLIC_SENTRY_DSN=***MASKED***
NEXT_PUBLIC_SENTRY_ENV=***MASKED***

=== Configuración de Next/TS/ESLint ===
--- next.config.ts ---
import type { NextConfig } from "next";

const nextConfig: NextConfig = {
  /* config options here */
};

export default nextConfig;
--- tsconfig.json ---
{
  "compilerOptions": {
    "target": "ES2022",
    "lib": ["dom", "dom.iterable", "esnext"],
    "allowJs": true,
    "skipLibCheck": true,
    "strict": true,
    "noEmit": true,
    "esModuleInterop": true,
    "module": "esnext",
    "moduleResolution": "bundler",
    "resolveJsonModule": true,
    "isolatedModules": true,
    "jsx": "preserve",
    "incremental": true,
    "plugins": [
      {
        "name": "next"
      }
    ],
    "paths": {
      "@/*": ["./*"]
    },
    "baseUrl": ".",
    "useUnknownInCatchVariables": false
  },
  "include": [
    "app",
    "components",
    "lib",
    "next-env.d.ts",
    "scripts",
    "types",
    ".next/types/**/*.ts"
  ],
  "exclude": ["node_modules", ".next", "logs/**", "logs"]
}
--- .prettierrc.json ---
{
  "semi": true,
  "singleQuote": false,
  "printWidth": 100,
  "tabWidth": 2,
  "trailingComma": "all"
}

=== tsconfig efectivo (tsc --showConfig) ===
tsconfig efectivo guardado.

=== ESLint efectivo para un archivo conflictivo ===

=== Greps rápidos (pistas de errores) ===
-- usos de storage_key --
lib/database.types.ts:44:          storage_key: string; // clave en storage
lib/database.types.ts:54:          storage_key: string;
lib/database.types.ts:64:          storage_key: string;
lib/patient-files.ts:7:  storage_key: string;
lib/patient-files.ts:107:      storage_key: key,
lib/patient-files.ts:134:    .createSignedUrl(rec.storage_key, sec);
lib/patient-files.ts:148:    .select("id, storage_key")
lib/patient-files.ts:152:  const key = rec!.storage_key as string;
-- usos de EmojiPerItem --
-- imports getSupabaseClient (posible import incorrecto) --
-- ocurrencias ': any' en TS/TSX --
lib/patients.ts:12:function raise(error: any): never {
lib/audit.ts:11:  data: any | null;
components/InstallPrompt.tsx:13:    const handler = (e: any) => {
components/OrgSwitcherBadge.tsx:23:    const onChanged = (e: any) => setCurrent(e.detail?.orgId || null);
-- console.error(…) --
grep: Unmatched ( or \(
-- enums Gender tipado --

=== Snapshot de archivos relevantes (para revisar tipos/llamadas) ===
  ✓ lib/database.types.ts
  ✓ lib/supabase-browser.ts
  ✓ lib/supabase/client.ts
  ✓ lib/types.ts
  ✓ lib/patients.ts
  ✓ lib/patient-files.ts
  ✓ lib/patient-notes.ts
  ✓ lib/patient-shares.ts
  ✓ lib/org.ts
  ✓ lib/audit.ts
  ✓ config/emojiTheme.ts
  ✓ components/EmojiTheme.tsx
  ✓ components/OrgSwitcherBadge.tsx
  ✓ components/InstallPrompt.tsx
  ✓ components/ExportPDFButton.tsx
  ✓ components/Toast.tsx
  ✓ app/(app)/pacientes/[id]/page.tsx
  ✓ app/(app)/pacientes/page.tsx
  ✓ app/(app)/perfil/page.tsx
  ✓ app/(app)/test-ui/upload/page.tsx

=== Estado Supabase CLI (si está instalada) ===
⚠️  Supabase CLI no encontrada (opcional). Instalar: npm i -g supabase

=== Linter ===

> sanoa-lab@0.1.0 format
> prettier --write "**/*.{ts,tsx,js,jsx,json,css,md}"

.prettierrc.json 32ms (unchanged)
app/(app)/dashboard/page.tsx 74ms (unchanged)
app/(app)/layout.tsx 11ms (unchanged)
app/(app)/pacientes/[id]/page.tsx 358ms (unchanged)
app/(app)/pacientes/page.tsx 72ms (unchanged)
app/(app)/perfil/page.tsx 87ms (unchanged)
app/(app)/test-ui/page.tsx 56ms (unchanged)
app/(app)/test-ui/upload/page.tsx 74ms (unchanged)
app/(auth)/login/page.tsx 15ms (unchanged)
app/(auth)/register/page.tsx 15ms (unchanged)
app/(auth)/reset-password/page.tsx 12ms (unchanged)
app/(auth)/update-password/page.tsx 38ms (unchanged)
app/acerca/page.tsx 7ms (unchanged)
app/api/sentry-debug/route.ts 4ms (unchanged)
app/error.tsx 31ms (unchanged)
app/globals.css 68ms (unchanged)
app/head.tsx 3ms (unchanged)
app/instalar/page.tsx 27ms (unchanged)
app/layout.tsx 5ms (unchanged)
app/manifest.ts 3ms (unchanged)
app/not-found.tsx 6ms (unchanged)
app/offline/page.tsx 12ms (unchanged)
app/page.tsx 1ms (unchanged)
app/privacidad/page.tsx 3ms (unchanged)
app/providers.tsx 2ms (unchanged)
app/robots.ts 2ms (unchanged)
app/sitemap.ts 3ms (unchanged)
app/terminos/page.tsx 2ms (unchanged)
components.json 5ms (unchanged)
components/AppShell.tsx 5ms (unchanged)
components/AuthGate.tsx 10ms (unchanged)
components/ColorEmoji.tsx 83ms
components/Emoji.tsx 7ms (unchanged)
components/EmojiTheme.tsx 7ms (unchanged)
components/ExportPDFButton.tsx 17ms (unchanged)
components/InstallPrompt.tsx 11ms (unchanged)
components/Modal.tsx 6ms (unchanged)
components/Navbar.tsx 19ms (unchanged)
components/OfflineIndicator.tsx 4ms (unchanged)
components/OrgSwitcherBadge.tsx 15ms (unchanged)
components/PendingQueueBadge.tsx 8ms (unchanged)
components/QueueEvents.tsx 9ms (unchanged)
components/RegisterSW.tsx 5ms (unchanged)
components/RequireAuth.tsx 17ms (unchanged)
components/SiteFooter.tsx 9ms (unchanged)
components/ThemeToggle.tsx 7ms (unchanged)
components/Toast.tsx 53ms (unchanged)
components/Toaster.tsx 14ms (unchanged)
components/ui/button.tsx 12ms (unchanged)
components/ui/card.tsx 9ms (unchanged)
components/ui/input.tsx 1ms (unchanged)
components/ui/label.tsx 2ms (unchanged)
components/UiCard.tsx 3ms (unchanged)
components/UploadHint.tsx 4ms (unchanged)
config/emojiTheme.ts 15ms (unchanged)
hooks/useNotesRealtime.ts 6ms (unchanged)
hooks/usePatientsRealtime.ts 6ms (unchanged)
lib/audit.ts 10ms (unchanged)
lib/database.types.ts 33ms (unchanged)
lib/org.ts 13ms (unchanged)
lib/patient-files.ts 52ms (unchanged)
lib/patient-notes.ts 20ms (unchanged)
lib/patient-shares.ts 9ms (unchanged)
lib/patients-search.ts 11ms (unchanged)
lib/patients.ts 33ms (unchanged)
lib/storage.ts 8ms (unchanged)
lib/supabase-browser.ts 5ms (unchanged)
lib/supabase/client.ts 6ms (unchanged)
lib/types.ts 8ms (unchanged)
lib/utils.ts 13ms (unchanged)
logs/diag-2025-09-10-013258/.eslintrc.json 5ms (unchanged)
logs/diag-2025-09-10-013258/.prettierrc.json 1ms (unchanged)
logs/diag-2025-09-10-013258/eslint.effective.pacientes-id.json 89ms (unchanged)
logs/diag-2025-09-10-013258/eslint.json 295ms (unchanged)
logs/diag-2025-09-10-013258/next.config.ts 1ms (unchanged)
logs/diag-2025-09-10-013258/package.deps.json 1ms (unchanged)
logs/diag-2025-09-10-013258/snapshot/app/(app)/pacientes/[id]/page.tsx 139ms (unchanged)
logs/diag-2025-09-10-013258/snapshot/app/(app)/pacientes/page.tsx 38ms (unchanged)
logs/diag-2025-09-10-013258/snapshot/app/(app)/perfil/page.tsx 71ms (unchanged)
logs/diag-2025-09-10-013258/snapshot/app/(app)/test-ui/upload/page.tsx 39ms (unchanged)
logs/diag-2025-09-10-013258/snapshot/components/EmojiTheme.tsx 4ms (unchanged)
logs/diag-2025-09-10-013258/snapshot/components/ExportPDFButton.tsx 12ms (unchanged)
logs/diag-2025-09-10-013258/snapshot/components/InstallPrompt.tsx 13ms (unchanged)
logs/diag-2025-09-10-013258/snapshot/components/OrgSwitcherBadge.tsx 10ms (unchanged)
logs/diag-2025-09-10-013258/snapshot/components/Toast.tsx 16ms (unchanged)
logs/diag-2025-09-10-013258/snapshot/config/emojiTheme.ts 8ms (unchanged)
logs/diag-2025-09-10-013258/snapshot/lib/audit.ts 10ms (unchanged)
logs/diag-2025-09-10-013258/snapshot/lib/database.types.ts 8ms (unchanged)
logs/diag-2025-09-10-013258/snapshot/lib/org.ts 9ms (unchanged)
logs/diag-2025-09-10-013258/snapshot/lib/patient-files.ts 20ms (unchanged)
logs/diag-2025-09-10-013258/snapshot/lib/patient-notes.ts 8ms (unchanged)
logs/diag-2025-09-10-013258/snapshot/lib/patient-shares.ts 7ms (unchanged)
logs/diag-2025-09-10-013258/snapshot/lib/patients.ts 7ms (unchanged)
logs/diag-2025-09-10-013258/snapshot/lib/supabase-browser.ts 2ms (unchanged)
logs/diag-2025-09-10-013258/snapshot/lib/supabase/client.ts 1ms (unchanged)
logs/diag-2025-09-10-013258/snapshot/lib/types.ts 2ms (unchanged)
logs/diag-2025-09-10-013258/tsconfig.effective.json 2ms (unchanged)
logs/diag-2025-09-10-013258/tsconfig.json 1ms (unchanged)
logs/diag-2025-09-10-031752/.eslintrc.json 1ms (unchanged)
logs/diag-2025-09-10-031752/.prettierrc.json 1ms (unchanged)
logs/diag-2025-09-10-031752/eslint.effective.pacientes-id.json 26ms (unchanged)
logs/diag-2025-09-10-031752/next.config.ts 2ms (unchanged)
logs/diag-2025-09-10-031752/package.deps.json 2ms (unchanged)
logs/diag-2025-09-10-031752/tsconfig.effective.json 3ms (unchanged)
logs/diag-2025-09-10-031752/tsconfig.json 1ms (unchanged)
logs/diag-2025-09-10-033332/.prettierrc.json 1ms (unchanged)
logs/diag-2025-09-10-033332/eslint.effective.pacientes-id.json 1ms (unchanged)
logs/diag-2025-09-10-033332/eslint.json 1ms (unchanged)
logs/diag-2025-09-10-033332/next.config.ts 1ms (unchanged)
logs/diag-2025-09-10-033332/package.deps.json 1ms (unchanged)
logs/diag-2025-09-10-033332/snapshot/app/(app)/pacientes/[id]/page.tsx 58ms (unchanged)
logs/diag-2025-09-10-033332/snapshot/app/(app)/pacientes/page.tsx 83ms (unchanged)
logs/diag-2025-09-10-033332/snapshot/app/(app)/perfil/page.tsx 90ms (unchanged)
logs/diag-2025-09-10-033332/snapshot/app/(app)/test-ui/upload/page.tsx 62ms (unchanged)
logs/diag-2025-09-10-033332/snapshot/components/EmojiTheme.tsx 4ms (unchanged)
logs/diag-2025-09-10-033332/snapshot/components/ExportPDFButton.tsx 9ms (unchanged)
logs/diag-2025-09-10-033332/snapshot/components/InstallPrompt.tsx 4ms (unchanged)
logs/diag-2025-09-10-033332/snapshot/components/OrgSwitcherBadge.tsx 12ms (unchanged)
logs/diag-2025-09-10-033332/snapshot/components/Toast.tsx 14ms (unchanged)
logs/diag-2025-09-10-033332/snapshot/config/emojiTheme.ts 10ms (unchanged)
logs/diag-2025-09-10-033332/snapshot/lib/audit.ts 7ms (unchanged)
logs/diag-2025-09-10-033332/snapshot/lib/database.types.ts 11ms (unchanged)
logs/diag-2025-09-10-033332/snapshot/lib/org.ts 9ms (unchanged)
logs/diag-2025-09-10-033332/snapshot/lib/patient-files.ts 21ms (unchanged)
logs/diag-2025-09-10-033332/snapshot/lib/patient-notes.ts 11ms (unchanged)
logs/diag-2025-09-10-033332/snapshot/lib/patient-shares.ts 13ms (unchanged)
logs/diag-2025-09-10-033332/snapshot/lib/patients.ts 11ms (unchanged)
logs/diag-2025-09-10-033332/snapshot/lib/supabase-browser.ts 1ms (unchanged)
logs/diag-2025-09-10-033332/snapshot/lib/supabase/client.ts 2ms (unchanged)
logs/diag-2025-09-10-033332/snapshot/lib/types.ts 3ms (unchanged)
logs/diag-2025-09-10-033332/tsconfig.effective.json 3ms (unchanged)
logs/diag-2025-09-10-033332/tsconfig.json 1ms (unchanged)
logs/diag-2025-09-10-034410/.prettierrc.json 1ms (unchanged)
logs/diag-2025-09-10-034410/eslint.effective.pacientes-id.json 3ms (unchanged)
logs/diag-2025-09-10-034410/eslint.json 40ms (unchanged)
logs/diag-2025-09-10-034410/next.config.ts 2ms (unchanged)
logs/diag-2025-09-10-034410/package.deps.json 1ms (unchanged)
logs/diag-2025-09-10-034410/snapshot/app/(app)/pacientes/[id]/page.tsx 82ms (unchanged)
logs/diag-2025-09-10-034410/snapshot/app/(app)/pacientes/page.tsx 91ms (unchanged)
logs/diag-2025-09-10-034410/snapshot/app/(app)/perfil/page.tsx 34ms (unchanged)
logs/diag-2025-09-10-034410/snapshot/app/(app)/test-ui/upload/page.tsx 32ms (unchanged)
logs/diag-2025-09-10-034410/snapshot/components/EmojiTheme.tsx 11ms (unchanged)
logs/diag-2025-09-10-034410/snapshot/components/ExportPDFButton.tsx 15ms (unchanged)
logs/diag-2025-09-10-034410/snapshot/components/InstallPrompt.tsx 13ms (unchanged)
logs/diag-2025-09-10-034410/snapshot/components/OrgSwitcherBadge.tsx 18ms (unchanged)
logs/diag-2025-09-10-034410/snapshot/components/Toast.tsx 32ms (unchanged)
logs/diag-2025-09-10-034410/snapshot/config/emojiTheme.ts 20ms (unchanged)
logs/diag-2025-09-10-034410/snapshot/lib/audit.ts 6ms (unchanged)
logs/diag-2025-09-10-034410/snapshot/lib/database.types.ts 13ms (unchanged)
logs/diag-2025-09-10-034410/snapshot/lib/org.ts 5ms (unchanged)
logs/diag-2025-09-10-034410/snapshot/lib/patient-files.ts 24ms (unchanged)
logs/diag-2025-09-10-034410/snapshot/lib/patient-notes.ts 4ms (unchanged)
logs/diag-2025-09-10-034410/snapshot/lib/patient-shares.ts 11ms (unchanged)
logs/diag-2025-09-10-034410/snapshot/lib/patients.ts 15ms (unchanged)
logs/diag-2025-09-10-034410/snapshot/lib/supabase-browser.ts 1ms (unchanged)
logs/diag-2025-09-10-034410/snapshot/lib/supabase/client.ts 4ms (unchanged)
logs/diag-2025-09-10-034410/snapshot/lib/types.ts 2ms (unchanged)
logs/diag-2025-09-10-034410/tsconfig.effective.json 2ms (unchanged)
logs/diag-2025-09-10-034410/tsconfig.json 1ms (unchanged)
logs/diag-2025-09-10-035844/.prettierrc.json 1ms (unchanged)
logs/diag-2025-09-10-035844/eslint.effective.pacientes-id.json 6ms (unchanged)
logs/diag-2025-09-10-035844/eslint.json 96ms
logs/diag-2025-09-10-035844/next.config.ts 4ms (unchanged)
logs/diag-2025-09-10-035844/package.deps.json 4ms (unchanged)
logs/diag-2025-09-10-035844/snapshot/app/(app)/pacientes/[id]/page.tsx 119ms (unchanged)
logs/diag-2025-09-10-035844/snapshot/app/(app)/pacientes/page.tsx 19ms (unchanged)
logs/diag-2025-09-10-035844/snapshot/app/(app)/perfil/page.tsx 35ms (unchanged)
logs/diag-2025-09-10-035844/snapshot/app/(app)/test-ui/upload/page.tsx 27ms (unchanged)
logs/diag-2025-09-10-035844/snapshot/components/EmojiTheme.tsx 3ms (unchanged)
logs/diag-2025-09-10-035844/snapshot/components/ExportPDFButton.tsx 9ms (unchanged)
logs/diag-2025-09-10-035844/snapshot/components/InstallPrompt.tsx 4ms (unchanged)
logs/diag-2025-09-10-035844/snapshot/components/OrgSwitcherBadge.tsx 8ms (unchanged)
logs/diag-2025-09-10-035844/snapshot/components/Toast.tsx 19ms (unchanged)
logs/diag-2025-09-10-035844/snapshot/config/emojiTheme.ts 7ms (unchanged)
logs/diag-2025-09-10-035844/snapshot/lib/audit.ts 5ms (unchanged)
logs/diag-2025-09-10-035844/snapshot/lib/database.types.ts 9ms (unchanged)
logs/diag-2025-09-10-035844/snapshot/lib/org.ts 6ms (unchanged)
logs/diag-2025-09-10-035844/snapshot/lib/patient-files.ts 16ms (unchanged)
logs/diag-2025-09-10-035844/snapshot/lib/patient-notes.ts 4ms (unchanged)
logs/diag-2025-09-10-035844/snapshot/lib/patient-shares.ts 5ms (unchanged)
logs/diag-2025-09-10-035844/snapshot/lib/patients.ts 7ms (unchanged)
logs/diag-2025-09-10-035844/snapshot/lib/supabase-browser.ts 2ms (unchanged)
logs/diag-2025-09-10-035844/snapshot/lib/supabase/client.ts 1ms (unchanged)
logs/diag-2025-09-10-035844/snapshot/lib/types.ts 2ms (unchanged)
logs/diag-2025-09-10-035844/tsconfig.effective.json 5ms (unchanged)
logs/diag-2025-09-10-035844/tsconfig.json 1ms (unchanged)
logs/diag-2025-09-10-040633/.prettierrc.json 1ms (unchanged)
logs/diag-2025-09-10-040633/eslint.effective.pacientes-id.json 2ms
logs/diag-2025-09-10-040633/next.config.ts 2ms (unchanged)
logs/diag-2025-09-10-040633/package.deps.json 3ms (unchanged)
logs/diag-2025-09-10-040633/snapshot/app/(app)/pacientes/[id]/page.tsx 62ms (unchanged)
logs/diag-2025-09-10-040633/snapshot/app/(app)/pacientes/page.tsx 22ms (unchanged)
logs/diag-2025-09-10-040633/snapshot/app/(app)/perfil/page.tsx 14ms (unchanged)
logs/diag-2025-09-10-040633/snapshot/app/(app)/test-ui/upload/page.tsx 15ms (unchanged)
logs/diag-2025-09-10-040633/snapshot/components/EmojiTheme.tsx 3ms (unchanged)
logs/diag-2025-09-10-040633/snapshot/components/ExportPDFButton.tsx 5ms (unchanged)
logs/diag-2025-09-10-040633/snapshot/components/InstallPrompt.tsx 3ms (unchanged)
logs/diag-2025-09-10-040633/snapshot/components/OrgSwitcherBadge.tsx 6ms (unchanged)
logs/diag-2025-09-10-040633/snapshot/components/Toast.tsx 8ms (unchanged)
logs/diag-2025-09-10-040633/snapshot/config/emojiTheme.ts 7ms (unchanged)
logs/diag-2025-09-10-040633/snapshot/lib/audit.ts 6ms (unchanged)
logs/diag-2025-09-10-040633/snapshot/lib/database.types.ts 6ms (unchanged)
logs/diag-2025-09-10-040633/snapshot/lib/org.ts 6ms (unchanged)
logs/diag-2025-09-10-040633/snapshot/lib/patient-files.ts 13ms (unchanged)
logs/diag-2025-09-10-040633/snapshot/lib/patient-notes.ts 4ms (unchanged)
logs/diag-2025-09-10-040633/snapshot/lib/patient-shares.ts 4ms (unchanged)
logs/diag-2025-09-10-040633/snapshot/lib/patients.ts 7ms (unchanged)
logs/diag-2025-09-10-040633/snapshot/lib/supabase-browser.ts 2ms (unchanged)
logs/diag-2025-09-10-040633/snapshot/lib/supabase/client.ts 1ms (unchanged)
logs/diag-2025-09-10-040633/snapshot/lib/types.ts 1ms (unchanged)
logs/diag-2025-09-10-040633/tsconfig.effective.json 1ms
logs/diag-2025-09-10-040633/tsconfig.json 1ms (unchanged)
middleware.ts 2ms (unchanged)
next.config.ts 1ms (unchanged)
package-lock.json 75ms (unchanged)
package.json 1ms (unchanged)
README.md 28ms (unchanged)
sentry.client.config.ts 3ms (unchanged)
sentry.server.config.ts 4ms (unchanged)
tsconfig.json 2ms (unchanged)
tsconfig.typecheck.json 1ms
Logs de ESLint en logs/diag-2025-09-10-040633/eslint.*

=== TypeScript (tsc -noEmit) ===

=== Build Next.js (Turbopack) ===
   ▲ Next.js 15.5.2 (Turbopack)
   - Environments: .env.local

   Creating an optimized production build ...
 ✓ Finished writing to disk in 74ms
 ✓ Compiled successfully in 12.9s
   Linting and checking validity of types ...

 ⚠ The Next.js plugin was not detected in your ESLint configuration. See https://nextjs.org/docs/app/api-reference/config/eslint#migrating-existing-config
   Collecting page data ...
 ⨯ Invalid segment configuration export detected. This can cause unexpected behavior from the configs not being applied. You should see the relevant failures in the logs above. Please fix them to continue.

=== Conteos rápidos ===
Archivos TS/TSX:
66
Coincidencias ': any' (aprox):
4 logs/diag-2025-09-10-040633/colon-any.txt

=== Comprimir resultados ===
📦 Paquete generado: logs/diag-2025-09-10-040633.tgz

✅ Diagnóstico finalizado. Comparte:
  1) logs/diag-2025-09-10-040633/all.log
  2) logs/diag-2025-09-10-040633.tgz  (contiene todo lo anterior)
