▶️  Iniciando diagnóstico 2025-09-10-055444

=== Contexto Git ===
## main...origin/main
?? logs/diag-2025-09-10-055444/
3258dc8986d9305e740da8c18379cfb9919a5c52
commit 3258dc8986d9305e740da8c18379cfb9919a5c52
Author:     Sanoa <martin.maldonado32@gmail.com>
AuthorDate: Wed Sep 10 05:52:04 2025 +0000
Commit:     Sanoa <martin.maldonado32@gmail.com>
CommitDate: Wed Sep 10 05:52:04 2025 +0000

    fix: TS18002 (tsconfig), props de Emoji y PatientFile.path; excluir logs del typecheck

=== Versiones básicas ===
v22.17.0
9.8.1
10.13.1
1.22.22

  System:
    OS: Linux 6.8 Ubuntu 24.04.2 LTS 24.04.2 LTS (Noble Numbat)
    CPU: (2) x64 AMD EPYC 7763 64-Core Processor
    Memory: 4.46 GB / 7.76 GB
    Container: Yes
    Shell: 5.2.21 - /bin/bash
  Binaries:
    Node: 22.17.0 - ~/nvm/current/bin/node
    Yarn: 1.22.22 - /usr/bin/yarn
    npm: 9.8.1 - ~/nvm/current/bin/npm
    pnpm: 10.13.1 - ~/nvm/current/bin/pnpm


=== Paquetes del proyecto ===
{
  "deps": {
    "@radix-ui/react-label": "^2.1.7",
    "@radix-ui/react-slot": "^1.2.3",
    "@sentry/nextjs": "^10.11.0",
    "@supabase/auth-helpers-nextjs": "0.10.0",
    "@supabase/supabase-js": "2.57.2",
    "class-variance-authority": "^0.7.1",
    "clsx": "^2.1.1",
    "html2canvas": "^1.4.1",
    "jspdf": "^3.0.2",
    "lucide-react": "^0.542.0",
    "next": "15.5.2",
    "react": "19.1.0",
    "react-dom": "19.1.0",
    "tailwind-merge": "^3.3.1",
    "tailwindcss-animate": "^1.0.7"
  },
  "devDeps": {
    "@eslint/eslintrc": "^3",
    "@tailwindcss/postcss": "^4",
    "@types/node": "^20.19.13",
    "@types/react": "^19.1.12",
    "@types/react-dom": "^19",
    "eslint": "^9.35.0",
    "eslint-config-next": "^15.5.2",
    "eslint-config-prettier": "^10.1.8",
    "eslint-plugin-import": "^2.32.0",
    "eslint-plugin-react": "^7.37.5",
    "eslint-plugin-react-hooks": "^5.2.0",
    "prettier": "^3.6.2",
    "tailwindcss": "^4",
    "tw-animate-css": "^1.3.8",
    "typescript": "^5"
  }
}

=== Variables de entorno (enmascaradas) ===
--- .env.local ---
NEXT_PUBLIC_SUPABASE_URL=***MASKED***
NEXT_PUBLIC_SUPABASE_ANON_KEY=***MASKED***
NEXT_PUBLIC_SITE_URL=***MASKED***
NEXT_PUBLIC_APP_VERSION=***MASKED***
NEXT_PUBLIC_UPLOAD_MAX_MB=***MASKED***
NEXT_PUBLIC_UPLOAD_ALLOWED=***MASKED***
NEXT_PUBLIC_SIGNED_URL_TTL=***MASKED***
NEXT_PUBLIC_SENTRY_DSN=***MASKED***
NEXT_PUBLIC_SENTRY_ENV=***MASKED***

=== Configuración de Next/TS/ESLint ===
--- next.config.ts ---
import type { NextConfig } from "next";

const nextConfig: NextConfig = {
  /* config options here */
};

export default nextConfig;
--- tsconfig.json ---
{
  "compilerOptions": {
    "target": "ES2022",
    "lib": ["dom", "dom.iterable", "esnext"],
    "allowJs": true,
    "skipLibCheck": true,
    "strict": true,
    "noEmit": true,
    "esModuleInterop": true,
    "module": "esnext",
    "moduleResolution": "bundler",
    "resolveJsonModule": true,
    "isolatedModules": true,
    "jsx": "preserve",
    "incremental": true,
    "plugins": [{ "name": "next" }],
    "paths": { "@/*": ["./*"] },
    "baseUrl": "."
  },
  "include": ["next-env.d.ts", "**/*.ts", "**/*.tsx", ".next/types/**/*.ts"],
  "exclude": ["node_modules", ".next", "logs/**"]
}
--- .eslintrc.json ---
{
  "root": true,
  "extends": ["next/core-web-vitals", "plugin:import/recommended", "prettier"],
  "plugins": ["import"],
  "rules": {
    "import/order": [
      "warn",
      { "newlines-between": "always", "alphabetize": { "order": "asc", "caseInsensitive": true } }
    ],
    "no-console": ["warn", { "allow": ["warn", "error"] }]
  }
}
--- .prettierrc.json ---
{
  "semi": true,
  "singleQuote": false,
  "printWidth": 100,
  "tabWidth": 2,
  "trailingComma": "all"
}

=== tsconfig efectivo (tsc --showConfig) ===
tsconfig efectivo guardado.

=== ESLint efectivo para un archivo conflictivo ===

=== Greps rápidos (pistas de errores) ===
-- usos de storage_key --
-- usos de EmojiPerItem --
-- imports getSupabaseClient (posible import incorrecto) --
app/(auth)/register/page.tsx:5:import { getSupabaseClient } from "@/lib/supabase/client";
app/(auth)/register/page.tsx:23:      const supabase = getSupabaseClient();
lib/supabase/client.ts:4:export function getSupabaseClient(): SupabaseClient<Database> {
lib/supabase/client.ts:10:export const supabase = getSupabaseClient();
-- ocurrencias ': any' en TS/TSX --
app/(app)/pacientes/[id]/page.tsx:83:      } catch (e: any) {
app/(app)/pacientes/[id]/page.tsx:97:    } catch (e: any) {
app/(app)/pacientes/[id]/page.tsx:121:    } catch (e: any) {
app/(app)/pacientes/[id]/page.tsx:137:    } catch (e: any) {
app/(app)/pacientes/[id]/page.tsx:151:    } catch (e: any) {
app/(app)/pacientes/[id]/page.tsx:193:    } catch (e: any) {
app/(app)/pacientes/[id]/page.tsx:230:    } catch (e: any) {
app/(app)/pacientes/[id]/page.tsx:267:    } catch (err: any) {
app/(app)/pacientes/[id]/page.tsx:288:    } catch (err: any) {
app/(app)/pacientes/[id]/page.tsx:316:    } catch (e: any) {
app/(app)/pacientes/[id]/page.tsx:327:    } catch (e: any) {
app/(app)/pacientes/[id]/page.tsx:348:    } catch (e: any) {
app/(app)/pacientes/[id]/page.tsx:372:    } catch (err: any) {
app/(app)/pacientes/[id]/page.tsx:387:    } catch (e: any) {
app/(app)/pacientes/page.tsx:40:    } catch (e: any) {
app/(app)/test-ui/page.tsx:79:    } catch (e: any) {
app/(app)/test-ui/page.tsx:100:    } catch (e: any) {
app/(app)/test-ui/page.tsx:116:    } catch (e: any) {
app/(app)/test-ui/page.tsx:135:    } catch (e: any) {
app/(app)/test-ui/upload/page.tsx:49:    } catch (e: any) {
app/(app)/test-ui/upload/page.tsx:81:    } catch (e: any) {
app/(app)/test-ui/upload/page.tsx:94:    } catch (e: any) {
app/(app)/test-ui/upload/page.tsx:104:    } catch (e: any) {
app/(app)/test-ui/upload/page.tsx:119:    } catch (e: any) {
app/(app)/test-ui/upload/page.tsx:132:    } catch (e: any) {
app/instalar/page.tsx:34:    const handler = (e: any) => {
app/(auth)/register/page.tsx:35:    } catch (err: any) {
app/(auth)/update-password/page.tsx:64:      } catch (e: any) {
app/(auth)/update-password/page.tsx:80:    } catch (e: any) {
app/(auth)/reset-password/page.tsx:31:    } catch (err: any) {
lib/audit.ts:11:  data: any | null;
lib/patient-files.ts:13:  [key: string]: any;
components/InstallPrompt.tsx:13:    const handler = (e: any) => {
components/OrgSwitcherBadge.tsx:23:    const onChanged = (e: any) => setCurrent(e.detail?.orgId || null);
components/OrgSwitcherBadge.tsx:41:    } catch (err: any) {
-- console.error(…) --
grep: Unmatched ( or \(
-- enums Gender tipado --

=== Snapshot de archivos relevantes (para revisar tipos/llamadas) ===
  ✓ lib/database.types.ts
  ✓ lib/supabase-browser.ts
  ✓ lib/supabase/client.ts
  ✓ lib/patients.ts
  ✓ lib/patient-files.ts
  ✓ lib/patient-notes.ts
  ✓ lib/patient-shares.ts
  ✓ lib/org.ts
  ✓ lib/audit.ts
  ✓ config/emojiTheme.ts
  ✓ components/EmojiTheme.tsx
  ✓ components/OrgSwitcherBadge.tsx
  ✓ components/InstallPrompt.tsx
  ✓ components/ExportPDFButton.tsx
  ✓ components/Toast.tsx
  ✓ app/(app)/pacientes/[id]/page.tsx
  ✓ app/(app)/pacientes/page.tsx
  ✓ app/(app)/perfil/page.tsx
  ✓ app/(app)/test-ui/upload/page.tsx

=== Estado Supabase CLI (si está instalada) ===
ℹ️ Supabase CLI no encontrada (opcional). Instalar: npm i -g supabase

=== Linter ===

> sanoa-lab@0.1.0 format
> prettier --write "**/*.{ts,tsx,js,jsx,json,css,md}"

.eslintrc.json 31ms (unchanged)
.prettierrc.json 2ms (unchanged)
app/(app)/dashboard/page.tsx 65ms (unchanged)
app/(app)/layout.tsx 14ms (unchanged)
app/(app)/pacientes/[id]/page.tsx 353ms (unchanged)
app/(app)/pacientes/page.tsx 77ms (unchanged)
app/(app)/perfil/page.tsx 69ms (unchanged)
app/(app)/test-ui/page.tsx 63ms (unchanged)
app/(app)/test-ui/upload/page.tsx 107ms (unchanged)
app/(auth)/login/page.tsx 21ms (unchanged)
app/(auth)/register/page.tsx 18ms (unchanged)
app/(auth)/reset-password/page.tsx 14ms (unchanged)
app/(auth)/update-password/page.tsx 49ms (unchanged)
app/acerca/page.tsx 3ms (unchanged)
app/api/sentry-debug/route.ts 2ms (unchanged)
app/error.tsx 11ms (unchanged)
app/globals.css 70ms (unchanged)
app/head.tsx 3ms (unchanged)
app/instalar/page.tsx 36ms (unchanged)
app/layout.tsx 6ms (unchanged)
app/manifest.ts 5ms (unchanged)
app/not-found.tsx 5ms (unchanged)
app/offline/page.tsx 19ms (unchanged)
app/page.tsx 4ms (unchanged)
app/privacidad/page.tsx 2ms (unchanged)
app/providers.tsx 4ms (unchanged)
app/robots.ts 2ms (unchanged)
app/sitemap.ts 4ms (unchanged)
app/terminos/page.tsx 2ms (unchanged)
components.json 1ms (unchanged)
components/AppShell.tsx 3ms (unchanged)
components/AuthGate.tsx 9ms (unchanged)
components/ColorEmoji.tsx 11ms (unchanged)
components/Emoji.tsx 4ms (unchanged)
components/EmojiTheme.tsx 12ms (unchanged)
components/ExportPDFButton.tsx 14ms (unchanged)
components/InstallPrompt.tsx 12ms (unchanged)
components/Modal.tsx 5ms (unchanged)
components/Navbar.tsx 13ms (unchanged)
components/OfflineIndicator.tsx 4ms (unchanged)
components/OrgSwitcherBadge.tsx 14ms (unchanged)
components/PendingQueueBadge.tsx 4ms (unchanged)
components/QueueEvents.tsx 8ms (unchanged)
components/RegisterSW.tsx 29ms (unchanged)
components/RequireAuth.tsx 9ms (unchanged)
components/SiteFooter.tsx 8ms (unchanged)
components/ThemeToggle.tsx 17ms (unchanged)
components/Toast.tsx 31ms (unchanged)
components/Toaster.tsx 23ms (unchanged)
components/ui/button.tsx 14ms (unchanged)
components/ui/card.tsx 13ms (unchanged)
components/ui/input.tsx 2ms (unchanged)
components/ui/label.tsx 2ms (unchanged)
components/UiCard.tsx 4ms (unchanged)
config/emojiTheme.ts 23ms (unchanged)
hooks/useNotesRealtime.ts 13ms (unchanged)
hooks/usePatientsRealtime.ts 20ms (unchanged)
lib/audit.ts 18ms (unchanged)
lib/database.types.ts 107ms (unchanged)
lib/org.ts 14ms (unchanged)
lib/patient-files.ts 25ms
lib/patient-notes.ts 7ms (unchanged)
lib/patient-shares.ts 11ms (unchanged)
lib/patients-search.ts 9ms (unchanged)
lib/patients.ts 17ms (unchanged)
lib/storage.ts 5ms (unchanged)
lib/supabase-browser.ts 4ms (unchanged)
lib/supabase/client.ts 4ms (unchanged)
lib/utils.ts 1ms (unchanged)
logs/diag-2025-09-10-045437/.eslintrc.json 2ms (unchanged)
logs/diag-2025-09-10-045437/.prettierrc.json 1ms (unchanged)
logs/diag-2025-09-10-045437/eslint.effective.pacientes-id.json 5ms (unchanged)
logs/diag-2025-09-10-045437/next.config.ts 2ms (unchanged)
logs/diag-2025-09-10-045437/package.deps.json 2ms (unchanged)
logs/diag-2025-09-10-045437/snapshot/lib/database.types.ts 9ms (unchanged)
logs/diag-2025-09-10-045437/snapshot/lib/supabase-browser.ts 2ms (unchanged)
logs/diag-2025-09-10-045437/snapshot/lib/supabase/client.ts 3ms (unchanged)
logs/diag-2025-09-10-045437/tsconfig.effective.json 8ms (unchanged)
logs/diag-2025-09-10-045437/tsconfig.json 2ms (unchanged)
logs/diag-2025-09-10-045450/.eslintrc.json 3ms (unchanged)
logs/diag-2025-09-10-045450/.prettierrc.json 1ms (unchanged)
logs/diag-2025-09-10-045450/eslint.effective.pacientes-id.json 2ms (unchanged)
logs/diag-2025-09-10-045450/next.config.ts 2ms (unchanged)
logs/diag-2025-09-10-045450/package.deps.json 4ms (unchanged)
logs/diag-2025-09-10-045450/snapshot/lib/database.types.ts 9ms (unchanged)
logs/diag-2025-09-10-045450/snapshot/lib/supabase-browser.ts 2ms (unchanged)
logs/diag-2025-09-10-045450/snapshot/lib/supabase/client.ts 3ms (unchanged)
logs/diag-2025-09-10-045450/tsconfig.effective.json 6ms (unchanged)
logs/diag-2025-09-10-045450/tsconfig.json 2ms (unchanged)
logs/diag-2025-09-10-045517/.eslintrc.json 2ms (unchanged)
logs/diag-2025-09-10-045517/.prettierrc.json 1ms (unchanged)
logs/diag-2025-09-10-045517/eslint.effective.pacientes-id.json 2ms (unchanged)
logs/diag-2025-09-10-045517/next.config.ts 2ms (unchanged)
logs/diag-2025-09-10-045517/package.deps.json 2ms (unchanged)
logs/diag-2025-09-10-045517/snapshot/lib/database.types.ts 6ms (unchanged)
logs/diag-2025-09-10-045517/snapshot/lib/supabase-browser.ts 1ms (unchanged)
logs/diag-2025-09-10-045517/snapshot/lib/supabase/client.ts 2ms (unchanged)
logs/diag-2025-09-10-045517/tsconfig.effective.json 4ms (unchanged)
logs/diag-2025-09-10-045517/tsconfig.json 2ms (unchanged)
logs/diag-2025-09-10-045606/.eslintrc.json 2ms (unchanged)
logs/diag-2025-09-10-045606/.prettierrc.json 1ms (unchanged)
logs/diag-2025-09-10-045606/eslint.effective.pacientes-id.json 2ms (unchanged)
logs/diag-2025-09-10-045606/next.config.ts 1ms (unchanged)
logs/diag-2025-09-10-045606/package.deps.json 2ms (unchanged)
logs/diag-2025-09-10-045606/snapshot/lib/database.types.ts 14ms (unchanged)
logs/diag-2025-09-10-045606/snapshot/lib/supabase-browser.ts 2ms (unchanged)
logs/diag-2025-09-10-045606/snapshot/lib/supabase/client.ts 3ms (unchanged)
logs/diag-2025-09-10-045606/tsconfig.effective.json 3ms (unchanged)
logs/diag-2025-09-10-045606/tsconfig.json 2ms (unchanged)
logs/diag-2025-09-10-050640/.eslintrc.json 4ms (unchanged)
logs/diag-2025-09-10-050640/.prettierrc.json 1ms (unchanged)
logs/diag-2025-09-10-050640/eslint.effective.pacientes-id.json 2ms (unchanged)
logs/diag-2025-09-10-050640/eslint.json 37ms (unchanged)
logs/diag-2025-09-10-050640/next.config.ts 1ms (unchanged)
logs/diag-2025-09-10-050640/package.deps.json 8ms (unchanged)
logs/diag-2025-09-10-050640/snapshot/app/(app)/pacientes/[id]/page.tsx 148ms (unchanged)
logs/diag-2025-09-10-050640/snapshot/app/(app)/pacientes/page.tsx 46ms (unchanged)
logs/diag-2025-09-10-050640/snapshot/app/(app)/perfil/page.tsx 46ms (unchanged)
logs/diag-2025-09-10-050640/snapshot/app/(app)/test-ui/upload/page.tsx 42ms (unchanged)
logs/diag-2025-09-10-050640/snapshot/components/EmojiTheme.tsx 4ms (unchanged)
logs/diag-2025-09-10-050640/snapshot/components/ExportPDFButton.tsx 8ms (unchanged)
logs/diag-2025-09-10-050640/snapshot/components/InstallPrompt.tsx 10ms (unchanged)
logs/diag-2025-09-10-050640/snapshot/components/OrgSwitcherBadge.tsx 9ms (unchanged)
logs/diag-2025-09-10-050640/snapshot/components/Toast.tsx 28ms (unchanged)
logs/diag-2025-09-10-050640/snapshot/config/emojiTheme.ts 15ms (unchanged)
logs/diag-2025-09-10-050640/snapshot/lib/audit.ts 6ms (unchanged)
logs/diag-2025-09-10-050640/snapshot/lib/database.types.ts 62ms (unchanged)
logs/diag-2025-09-10-050640/snapshot/lib/org.ts 27ms (unchanged)
logs/diag-2025-09-10-050640/snapshot/lib/patient-files.ts 32ms (unchanged)
logs/diag-2025-09-10-050640/snapshot/lib/patient-notes.ts 7ms (unchanged)
logs/diag-2025-09-10-050640/snapshot/lib/patient-shares.ts 9ms (unchanged)
logs/diag-2025-09-10-050640/snapshot/lib/patients.ts 10ms (unchanged)
logs/diag-2025-09-10-050640/snapshot/lib/supabase-browser.ts 1ms (unchanged)
logs/diag-2025-09-10-050640/snapshot/lib/supabase/client.ts 1ms (unchanged)
logs/diag-2025-09-10-050640/tsconfig.effective.json 2ms (unchanged)
logs/diag-2025-09-10-050640/tsconfig.json 1ms (unchanged)
logs/diag-2025-09-10-054320/.eslintrc.json 1ms (unchanged)
logs/diag-2025-09-10-054320/.prettierrc.json 1ms (unchanged)
logs/diag-2025-09-10-054320/eslint.effective.pacientes-id.json 2ms (unchanged)
logs/diag-2025-09-10-054320/eslint.json 23ms
logs/diag-2025-09-10-054320/next.config.ts 1ms (unchanged)
logs/diag-2025-09-10-054320/package.deps.json 1ms (unchanged)
logs/diag-2025-09-10-054320/snapshot/app/(app)/pacientes/[id]/page.tsx 144ms (unchanged)
logs/diag-2025-09-10-054320/snapshot/app/(app)/pacientes/page.tsx 47ms (unchanged)
logs/diag-2025-09-10-054320/snapshot/app/(app)/perfil/page.tsx 81ms (unchanged)
logs/diag-2025-09-10-054320/snapshot/app/(app)/test-ui/upload/page.tsx 28ms (unchanged)
logs/diag-2025-09-10-054320/snapshot/components/EmojiTheme.tsx 3ms (unchanged)
logs/diag-2025-09-10-054320/snapshot/components/ExportPDFButton.tsx 8ms (unchanged)
logs/diag-2025-09-10-054320/snapshot/components/InstallPrompt.tsx 5ms (unchanged)
logs/diag-2025-09-10-054320/snapshot/components/OrgSwitcherBadge.tsx 8ms (unchanged)
logs/diag-2025-09-10-054320/snapshot/components/Toast.tsx 10ms (unchanged)
logs/diag-2025-09-10-054320/snapshot/config/emojiTheme.ts 8ms (unchanged)
logs/diag-2025-09-10-054320/snapshot/lib/audit.ts 3ms (unchanged)
logs/diag-2025-09-10-054320/snapshot/lib/database.types.ts 31ms (unchanged)
logs/diag-2025-09-10-054320/snapshot/lib/org.ts 10ms (unchanged)
logs/diag-2025-09-10-054320/snapshot/lib/patient-files.ts 17ms (unchanged)
logs/diag-2025-09-10-054320/snapshot/lib/patient-notes.ts 5ms (unchanged)
logs/diag-2025-09-10-054320/snapshot/lib/patient-shares.ts 5ms (unchanged)
logs/diag-2025-09-10-054320/snapshot/lib/patients.ts 15ms (unchanged)
logs/diag-2025-09-10-054320/snapshot/lib/supabase-browser.ts 2ms (unchanged)
logs/diag-2025-09-10-054320/snapshot/lib/supabase/client.ts 2ms (unchanged)
[error] logs/diag-2025-09-10-054320/tsconfig.effective.json: SyntaxError: The input should contain exactly one expression, but the first expression is followed by the unexpected character `:`. (1:21)
[error] > 1 | tsconfig.json(42,12): error TS18002: The 'files' list in config file '/workspaces/sanoa-lab/tsconfig.json' is empty.
[error]     |                     ^
[error]   2 |
logs/diag-2025-09-10-054320/tsconfig.json 3ms (unchanged)
logs/diag-2025-09-10-055444/.eslintrc.json 1ms (unchanged)
logs/diag-2025-09-10-055444/.prettierrc.json 1ms (unchanged)
logs/diag-2025-09-10-055444/eslint.effective.pacientes-id.json 4ms
logs/diag-2025-09-10-055444/next.config.ts 1ms (unchanged)
logs/diag-2025-09-10-055444/package.deps.json 1ms (unchanged)
logs/diag-2025-09-10-055444/snapshot/app/(app)/pacientes/[id]/page.tsx 138ms (unchanged)
logs/diag-2025-09-10-055444/snapshot/app/(app)/pacientes/page.tsx 79ms (unchanged)
logs/diag-2025-09-10-055444/snapshot/app/(app)/perfil/page.tsx 37ms (unchanged)
logs/diag-2025-09-10-055444/snapshot/app/(app)/test-ui/upload/page.tsx 27ms (unchanged)
logs/diag-2025-09-10-055444/snapshot/components/EmojiTheme.tsx 3ms (unchanged)
logs/diag-2025-09-10-055444/snapshot/components/ExportPDFButton.tsx 8ms (unchanged)
logs/diag-2025-09-10-055444/snapshot/components/InstallPrompt.tsx 5ms (unchanged)
logs/diag-2025-09-10-055444/snapshot/components/OrgSwitcherBadge.tsx 8ms (unchanged)
logs/diag-2025-09-10-055444/snapshot/components/Toast.tsx 26ms (unchanged)
logs/diag-2025-09-10-055444/snapshot/config/emojiTheme.ts 10ms (unchanged)
logs/diag-2025-09-10-055444/snapshot/lib/audit.ts 5ms (unchanged)
logs/diag-2025-09-10-055444/snapshot/lib/database.types.ts 40ms (unchanged)
logs/diag-2025-09-10-055444/snapshot/lib/org.ts 8ms (unchanged)
logs/diag-2025-09-10-055444/snapshot/lib/patient-files.ts 29ms
logs/diag-2025-09-10-055444/snapshot/lib/patient-notes.ts 7ms (unchanged)
logs/diag-2025-09-10-055444/snapshot/lib/patient-shares.ts 5ms (unchanged)
logs/diag-2025-09-10-055444/snapshot/lib/patients.ts 11ms (unchanged)
logs/diag-2025-09-10-055444/snapshot/lib/supabase-browser.ts 3ms (unchanged)
logs/diag-2025-09-10-055444/snapshot/lib/supabase/client.ts 2ms (unchanged)
logs/diag-2025-09-10-055444/tsconfig.effective.json 3ms
logs/diag-2025-09-10-055444/tsconfig.json 1ms (unchanged)
middleware.ts 2ms (unchanged)
next.config.ts 2ms (unchanged)
package-lock.json 150ms (unchanged)
package.json 1ms (unchanged)
README.md 25ms (unchanged)
sentry.client.config.ts 3ms (unchanged)
sentry.server.config.ts 5ms (unchanged)
tsconfig.json 1ms (unchanged)
tsconfig.typecheck.json 1ms (unchanged)
types/color-emoji-props.d.ts 2ms (unchanged)
types/emoji-props.d.ts 2ms (unchanged)
Logs de ESLint en logs/diag-2025-09-10-055444/eslint.*

=== TypeScript (tsc -noEmit) ===
components/Emoji.tsx(17,7): error TS2322: Type '{ emoji: string; size: any; mode: EmojiMode; color: string; accentColor: string; className: any; title: any; }' is not assignable to type 'IntrinsicAttributes & Props'.
  Property 'emoji' does not exist on type 'IntrinsicAttributes & Props'.
components/Navbar.tsx(81,29): error TS2322: Type '{ emoji: string; }' is not assignable to type 'IntrinsicAttributes & Props'.
  Property 'emoji' does not exist on type 'IntrinsicAttributes & Props'.
components/Toast.tsx(122,25): error TS2322: Type '{ emoji: string; mode: string; }' is not assignable to type 'IntrinsicAttributes & Props'.
  Property 'emoji' does not exist on type 'IntrinsicAttributes & Props'.

=== Build Next.js (Turbopack) ===
   ▲ Next.js 15.5.2 (Turbopack)
   - Environments: .env.local

   Creating an optimized production build ...
 ✓ Finished writing to disk in 86ms
 ✓ Compiled successfully in 12.7s
   Linting and checking validity of types ...

 ⚠ The Next.js plugin was not detected in your ESLint configuration. See https://nextjs.org/docs/app/api-reference/config/eslint#migrating-existing-config
Failed to compile.

./components/Emoji.tsx:17:7
Type error: Type '{ emoji: string; size: any; mode: EmojiMode; color: string; accentColor: string; className: any; title: any; }' is not assignable to type 'IntrinsicAttributes & Props'.
  Property 'emoji' does not exist on type 'IntrinsicAttributes & Props'.

[0m [90m 15 |[39m   [36mreturn[39m (
 [90m 16 |[39m     [33m<[39m[33mColorEmoji[39m
[31m[1m>[22m[39m[90m 17 |[39m       emoji[33m=[39m{char}
 [90m    |[39m       [31m[1m^[22m[39m
 [90m 18 |[39m       size[33m=[39m{size}
 [90m 19 |[39m       mode[33m=[39m{settings[33m.[39mmode [33m?[39m[33m?[39m emojiTheme[33m.[39mglobal[33m.[39mmode}
 [90m 20 |[39m       color[33m=[39m{settings[33m.[39mcolor [33m?[39m[33m?[39m emojiTheme[33m.[39mglobal[33m.[39mcolor}[0m
Next.js build worker exited with code: 1 and signal: null

=== Conteos rápidos ===
Archivos TS/TSX:
65
Coincidencias ': any' (aprox):
35 logs/diag-2025-09-10-055444/colon-any.txt

=== Comprimir resultados ===
📦 Preparando logs/diag-2025-09-10-055444.tgz
