▶️  Iniciando diagnóstico 2025-09-10-050640

=== Contexto Git ===
## main...origin/main
 M app/(app)/pacientes/page.tsx
 M app/(app)/perfil/page.tsx
 M app/(app)/test-ui/upload/page.tsx
 M app/(auth)/update-password/page.tsx
 M components/AuthGate.tsx
 M components/ColorEmoji.tsx
 M components/EmojiTheme.tsx
 M components/ExportPDFButton.tsx
 M components/QueueEvents.tsx
 M eslint.config.mjs
 M lib/supabase-browser.ts
 M lib/supabase/client.ts
?? lib/database.types.ts
?? logs/
?? supabase/.temp/
?? tsconfig.typecheck.json
69d1a2eeb0110ffcf0ccadcadc41835bb2cffa62
commit 69d1a2eeb0110ffcf0ccadcadc41835bb2cffa62
Author:     Sanoa <martin.maldonado32@gmail.com>
AuthorDate: Tue Sep 9 19:15:20 2025 +0000
Commit:     Sanoa <martin.maldonado32@gmail.com>
CommitDate: Tue Sep 9 19:15:20 2025 +0000

    nuevo commit

=== Versiones básicas ===
v22.17.0
9.8.1
10.13.1
1.22.22

  System:
    OS: Linux 6.8 Ubuntu 24.04.2 LTS 24.04.2 LTS (Noble Numbat)
    CPU: (2) x64 AMD EPYC 7763 64-Core Processor
    Memory: 5.47 GB / 7.76 GB
    Container: Yes
    Shell: 5.2.21 - /bin/bash
  Binaries:
    Node: 22.17.0 - ~/nvm/current/bin/node
    Yarn: 1.22.22 - /usr/bin/yarn
    npm: 9.8.1 - ~/nvm/current/bin/npm
    pnpm: 10.13.1 - ~/nvm/current/bin/pnpm


=== Paquetes del proyecto ===
{
  "deps": {
    "@radix-ui/react-label": "^2.1.7",
    "@radix-ui/react-slot": "^1.2.3",
    "@sentry/nextjs": "^10.11.0",
    "@supabase/auth-helpers-nextjs": "0.10.0",
    "@supabase/supabase-js": "2.57.2",
    "class-variance-authority": "^0.7.1",
    "clsx": "^2.1.1",
    "html2canvas": "^1.4.1",
    "jspdf": "^3.0.2",
    "lucide-react": "^0.542.0",
    "next": "15.5.2",
    "react": "19.1.0",
    "react-dom": "19.1.0",
    "tailwind-merge": "^3.3.1",
    "tailwindcss-animate": "^1.0.7"
  },
  "devDeps": {
    "@eslint/eslintrc": "^3",
    "@tailwindcss/postcss": "^4",
    "@types/node": "^20.19.13",
    "@types/react": "^19.1.12",
    "@types/react-dom": "^19",
    "eslint": "^9.35.0",
    "eslint-config-next": "^15.5.2",
    "eslint-config-prettier": "^10.1.8",
    "eslint-plugin-import": "^2.32.0",
    "eslint-plugin-react": "^7.37.5",
    "eslint-plugin-react-hooks": "^5.2.0",
    "prettier": "^3.6.2",
    "tailwindcss": "^4",
    "tw-animate-css": "^1.3.8",
    "typescript": "^5"
  }
}

=== Variables de entorno (enmascaradas) ===
--- .env.local ---
NEXT_PUBLIC_SUPABASE_URL=***MASKED***
NEXT_PUBLIC_SUPABASE_ANON_KEY=***MASKED***
NEXT_PUBLIC_SITE_URL=***MASKED***
NEXT_PUBLIC_APP_VERSION=***MASKED***
NEXT_PUBLIC_UPLOAD_MAX_MB=***MASKED***
NEXT_PUBLIC_UPLOAD_ALLOWED=***MASKED***
NEXT_PUBLIC_SIGNED_URL_TTL=***MASKED***
NEXT_PUBLIC_SENTRY_DSN=***MASKED***
NEXT_PUBLIC_SENTRY_ENV=***MASKED***

=== Configuración de Next/TS/ESLint ===
--- next.config.ts ---
import type { NextConfig } from "next";

const nextConfig: NextConfig = {
  /* config options here */
};

export default nextConfig;
--- tsconfig.json ---
{
  "compilerOptions": {
    "target": "ES2022",
    "lib": ["dom", "dom.iterable", "esnext"],
    "allowJs": true,
    "skipLibCheck": true,
    "strict": true,
    "noEmit": true,
    "esModuleInterop": true,
    "module": "esnext",
    "moduleResolution": "bundler",
    "resolveJsonModule": true,
    "isolatedModules": true,
    "jsx": "preserve",
    "incremental": true,
    "plugins": [{ "name": "next" }],
    "paths": {
      "@/*": ["./*"]
    },
    "baseUrl": "."
  },
  "include": ["next-env.d.ts", "**/*.ts", "**/*.tsx", ".next/types/**/*.ts"],
  "exclude": ["node_modules"]
}
--- .eslintrc.json ---
{
  "root": true,
  "extends": ["next/core-web-vitals", "plugin:import/recommended", "prettier"],
  "plugins": ["import"],
  "rules": {
    "import/order": [
      "warn",
      { "newlines-between": "always", "alphabetize": { "order": "asc", "caseInsensitive": true } }
    ],
    "no-console": ["warn", { "allow": ["warn", "error"] }]
  }
}
--- .prettierrc.json ---
{
  "semi": true,
  "singleQuote": false,
  "printWidth": 100,
  "tabWidth": 2,
  "trailingComma": "all"
}

=== tsconfig efectivo (tsc --showConfig) ===
tsconfig efectivo guardado.

=== ESLint efectivo para un archivo conflictivo ===

=== Greps rápidos (pistas de errores) ===
-- usos de storage_key --
lib/patient-files.ts:7:  storage_key: string;
lib/patient-files.ts:104:      storage_key: key,
lib/patient-files.ts:129:    .createSignedUrl(rec.storage_key, sec);
lib/patient-files.ts:140:    .select("id, storage_key")
lib/patient-files.ts:144:  const key = rec!.storage_key as string;
-- usos de EmojiPerItem --
-- imports getSupabaseClient (posible import incorrecto) --
app/(auth)/register/page.tsx:5:import { getSupabaseClient } from "@/lib/supabase/client";
app/(auth)/register/page.tsx:23:      const supabase = getSupabaseClient();
-- ocurrencias ': any' en TS/TSX --
app/(app)/pacientes/[id]/page.tsx:83:      } catch (e: any) {
app/(app)/pacientes/[id]/page.tsx:97:    } catch (e: any) {
app/(app)/pacientes/[id]/page.tsx:121:    } catch (e: any) {
app/(app)/pacientes/[id]/page.tsx:137:    } catch (e: any) {
app/(app)/pacientes/[id]/page.tsx:151:    } catch (e: any) {
app/(app)/pacientes/[id]/page.tsx:193:    } catch (e: any) {
app/(app)/pacientes/[id]/page.tsx:230:    } catch (e: any) {
app/(app)/pacientes/[id]/page.tsx:267:    } catch (err: any) {
app/(app)/pacientes/[id]/page.tsx:288:    } catch (err: any) {
app/(app)/pacientes/[id]/page.tsx:316:    } catch (e: any) {
app/(app)/pacientes/[id]/page.tsx:327:    } catch (e: any) {
app/(app)/pacientes/[id]/page.tsx:348:    } catch (e: any) {
app/(app)/pacientes/[id]/page.tsx:372:    } catch (err: any) {
app/(app)/pacientes/[id]/page.tsx:387:    } catch (e: any) {
app/(app)/pacientes/page.tsx:40:    } catch (e: any) {
app/(app)/test-ui/page.tsx:79:    } catch (e: any) {
app/(app)/test-ui/page.tsx:100:    } catch (e: any) {
app/(app)/test-ui/page.tsx:116:    } catch (e: any) {
app/(app)/test-ui/page.tsx:135:    } catch (e: any) {
app/(app)/test-ui/upload/page.tsx:49:    } catch (e: any) {
app/(app)/test-ui/upload/page.tsx:81:    } catch (e: any) {
app/(app)/test-ui/upload/page.tsx:94:    } catch (e: any) {
app/(app)/test-ui/upload/page.tsx:104:    } catch (e: any) {
app/(app)/test-ui/upload/page.tsx:119:    } catch (e: any) {
app/(app)/test-ui/upload/page.tsx:132:    } catch (e: any) {
app/instalar/page.tsx:34:    const handler = (e: any) => {
app/(auth)/register/page.tsx:35:    } catch (err: any) {
app/(auth)/update-password/page.tsx:64:      } catch (e: any) {
app/(auth)/update-password/page.tsx:80:    } catch (e: any) {
app/(auth)/reset-password/page.tsx:31:    } catch (err: any) {
lib/audit.ts:11:  data: any | null;
components/InstallPrompt.tsx:13:    const handler = (e: any) => {
components/OrgSwitcherBadge.tsx:23:    const onChanged = (e: any) => setCurrent(e.detail?.orgId || null);
components/OrgSwitcherBadge.tsx:41:    } catch (err: any) {
-- console.error(…) --
grep: Unmatched ( or \(
-- enums Gender tipado --

=== Snapshot de archivos relevantes (para revisar tipos/llamadas) ===
  ✓ lib/database.types.ts
  ✓ lib/supabase-browser.ts
  ✓ lib/supabase/client.ts
  ✓ lib/patients.ts
  ✓ lib/patient-files.ts
  ✓ lib/patient-notes.ts
  ✓ lib/patient-shares.ts
  ✓ lib/org.ts
  ✓ lib/audit.ts
  ✓ config/emojiTheme.ts
  ✓ components/EmojiTheme.tsx
  ✓ components/OrgSwitcherBadge.tsx
  ✓ components/InstallPrompt.tsx
  ✓ components/ExportPDFButton.tsx
  ✓ components/Toast.tsx
  ✓ app/(app)/pacientes/[id]/page.tsx
  ✓ app/(app)/pacientes/page.tsx
  ✓ app/(app)/perfil/page.tsx
  ✓ app/(app)/test-ui/upload/page.tsx

=== Estado Supabase CLI (si está instalada) ===
ℹ️ Supabase CLI no encontrada (opcional). Instalar: npm i -g supabase

=== Linter ===

> sanoa-lab@0.1.0 format
> prettier --write "**/*.{ts,tsx,js,jsx,json,css,md}"

.eslintrc.json 34ms (unchanged)
.prettierrc.json 2ms (unchanged)
app/(app)/dashboard/page.tsx 64ms (unchanged)
app/(app)/layout.tsx 14ms (unchanged)
app/(app)/pacientes/[id]/page.tsx 400ms (unchanged)
app/(app)/pacientes/page.tsx 110ms (unchanged)
app/(app)/perfil/page.tsx 70ms (unchanged)
app/(app)/test-ui/page.tsx 102ms (unchanged)
app/(app)/test-ui/upload/page.tsx 61ms (unchanged)
app/(auth)/login/page.tsx 28ms (unchanged)
app/(auth)/register/page.tsx 28ms (unchanged)
app/(auth)/reset-password/page.tsx 9ms (unchanged)
app/(auth)/update-password/page.tsx 40ms (unchanged)
app/acerca/page.tsx 3ms (unchanged)
app/api/sentry-debug/route.ts 2ms (unchanged)
app/error.tsx 6ms (unchanged)
app/globals.css 44ms (unchanged)
app/head.tsx 3ms (unchanged)
app/instalar/page.tsx 32ms (unchanged)
app/layout.tsx 4ms (unchanged)
app/manifest.ts 3ms (unchanged)
app/not-found.tsx 5ms (unchanged)
app/offline/page.tsx 32ms (unchanged)
app/page.tsx 6ms (unchanged)
app/privacidad/page.tsx 2ms (unchanged)
app/providers.tsx 2ms (unchanged)
app/robots.ts 2ms (unchanged)
app/sitemap.ts 3ms (unchanged)
app/terminos/page.tsx 1ms (unchanged)
components.json 2ms (unchanged)
components/AppShell.tsx 2ms (unchanged)
components/AuthGate.tsx 9ms (unchanged)
components/ColorEmoji.tsx 4ms (unchanged)
components/Emoji.tsx 4ms (unchanged)
components/EmojiTheme.tsx 6ms
components/ExportPDFButton.tsx 17ms (unchanged)
components/InstallPrompt.tsx 9ms (unchanged)
components/Modal.tsx 9ms (unchanged)
components/Navbar.tsx 16ms (unchanged)
components/OfflineIndicator.tsx 4ms (unchanged)
components/OrgSwitcherBadge.tsx 11ms (unchanged)
components/PendingQueueBadge.tsx 5ms (unchanged)
components/QueueEvents.tsx 14ms
components/RegisterSW.tsx 47ms (unchanged)
components/RequireAuth.tsx 16ms (unchanged)
components/SiteFooter.tsx 6ms (unchanged)
components/ThemeToggle.tsx 18ms (unchanged)
components/Toast.tsx 55ms (unchanged)
components/Toaster.tsx 24ms (unchanged)
components/ui/button.tsx 24ms (unchanged)
components/ui/card.tsx 19ms (unchanged)
components/ui/input.tsx 3ms (unchanged)
components/ui/label.tsx 2ms (unchanged)
components/UiCard.tsx 2ms (unchanged)
config/emojiTheme.ts 18ms (unchanged)
hooks/useNotesRealtime.ts 7ms (unchanged)
hooks/usePatientsRealtime.ts 16ms (unchanged)
lib/audit.ts 10ms (unchanged)
lib/database.types.ts 109ms
lib/org.ts 12ms (unchanged)
lib/patient-files.ts 26ms (unchanged)
lib/patient-notes.ts 14ms (unchanged)
lib/patient-shares.ts 6ms (unchanged)
lib/patients-search.ts 21ms (unchanged)
lib/patients.ts 19ms (unchanged)
lib/storage.ts 3ms (unchanged)
lib/supabase-browser.ts 4ms (unchanged)
lib/supabase/client.ts 2ms (unchanged)
lib/utils.ts 6ms (unchanged)
logs/diag-2025-09-10-045437/.eslintrc.json 2ms (unchanged)
logs/diag-2025-09-10-045437/.prettierrc.json 1ms (unchanged)
logs/diag-2025-09-10-045437/eslint.effective.pacientes-id.json 2ms
logs/diag-2025-09-10-045437/next.config.ts 4ms (unchanged)
logs/diag-2025-09-10-045437/package.deps.json 7ms (unchanged)
logs/diag-2025-09-10-045437/snapshot/lib/database.types.ts 13ms
logs/diag-2025-09-10-045437/snapshot/lib/supabase-browser.ts 2ms (unchanged)
logs/diag-2025-09-10-045437/snapshot/lib/supabase/client.ts 3ms (unchanged)
logs/diag-2025-09-10-045437/tsconfig.effective.json 11ms
logs/diag-2025-09-10-045437/tsconfig.json 6ms (unchanged)
logs/diag-2025-09-10-045450/.eslintrc.json 2ms (unchanged)
logs/diag-2025-09-10-045450/.prettierrc.json 3ms (unchanged)
logs/diag-2025-09-10-045450/eslint.effective.pacientes-id.json 3ms
logs/diag-2025-09-10-045450/next.config.ts 2ms (unchanged)
logs/diag-2025-09-10-045450/package.deps.json 2ms (unchanged)
logs/diag-2025-09-10-045450/snapshot/lib/database.types.ts 10ms
logs/diag-2025-09-10-045450/snapshot/lib/supabase-browser.ts 2ms (unchanged)
logs/diag-2025-09-10-045450/snapshot/lib/supabase/client.ts 3ms (unchanged)
logs/diag-2025-09-10-045450/tsconfig.effective.json 5ms
logs/diag-2025-09-10-045450/tsconfig.json 2ms (unchanged)
logs/diag-2025-09-10-045517/.eslintrc.json 2ms (unchanged)
logs/diag-2025-09-10-045517/.prettierrc.json 1ms (unchanged)
logs/diag-2025-09-10-045517/eslint.effective.pacientes-id.json 6ms
logs/diag-2025-09-10-045517/next.config.ts 1ms (unchanged)
logs/diag-2025-09-10-045517/package.deps.json 2ms (unchanged)
logs/diag-2025-09-10-045517/snapshot/lib/database.types.ts 9ms
logs/diag-2025-09-10-045517/snapshot/lib/supabase-browser.ts 3ms (unchanged)
logs/diag-2025-09-10-045517/snapshot/lib/supabase/client.ts 3ms (unchanged)
logs/diag-2025-09-10-045517/tsconfig.effective.json 4ms
logs/diag-2025-09-10-045517/tsconfig.json 2ms (unchanged)
logs/diag-2025-09-10-045606/.eslintrc.json 2ms (unchanged)
logs/diag-2025-09-10-045606/.prettierrc.json 1ms (unchanged)
logs/diag-2025-09-10-045606/eslint.effective.pacientes-id.json 3ms
logs/diag-2025-09-10-045606/next.config.ts 2ms (unchanged)
logs/diag-2025-09-10-045606/package.deps.json 3ms (unchanged)
logs/diag-2025-09-10-045606/snapshot/lib/database.types.ts 10ms
logs/diag-2025-09-10-045606/snapshot/lib/supabase-browser.ts 2ms (unchanged)
logs/diag-2025-09-10-045606/snapshot/lib/supabase/client.ts 3ms (unchanged)
logs/diag-2025-09-10-045606/tsconfig.effective.json 5ms
logs/diag-2025-09-10-045606/tsconfig.json 5ms (unchanged)
logs/diag-2025-09-10-050640/.eslintrc.json 1ms (unchanged)
logs/diag-2025-09-10-050640/.prettierrc.json 1ms (unchanged)
logs/diag-2025-09-10-050640/eslint.effective.pacientes-id.json 4ms
logs/diag-2025-09-10-050640/next.config.ts 1ms (unchanged)
logs/diag-2025-09-10-050640/package.deps.json 2ms (unchanged)
logs/diag-2025-09-10-050640/snapshot/app/(app)/pacientes/[id]/page.tsx 141ms (unchanged)
logs/diag-2025-09-10-050640/snapshot/app/(app)/pacientes/page.tsx 76ms (unchanged)
logs/diag-2025-09-10-050640/snapshot/app/(app)/perfil/page.tsx 52ms (unchanged)
logs/diag-2025-09-10-050640/snapshot/app/(app)/test-ui/upload/page.tsx 28ms (unchanged)
logs/diag-2025-09-10-050640/snapshot/components/EmojiTheme.tsx 3ms
logs/diag-2025-09-10-050640/snapshot/components/ExportPDFButton.tsx 22ms (unchanged)
logs/diag-2025-09-10-050640/snapshot/components/InstallPrompt.tsx 16ms (unchanged)
logs/diag-2025-09-10-050640/snapshot/components/OrgSwitcherBadge.tsx 25ms (unchanged)
logs/diag-2025-09-10-050640/snapshot/components/Toast.tsx 23ms (unchanged)
logs/diag-2025-09-10-050640/snapshot/config/emojiTheme.ts 7ms (unchanged)
logs/diag-2025-09-10-050640/snapshot/lib/audit.ts 4ms (unchanged)
logs/diag-2025-09-10-050640/snapshot/lib/database.types.ts 34ms
logs/diag-2025-09-10-050640/snapshot/lib/org.ts 15ms (unchanged)
logs/diag-2025-09-10-050640/snapshot/lib/patient-files.ts 25ms (unchanged)
logs/diag-2025-09-10-050640/snapshot/lib/patient-notes.ts 5ms (unchanged)
logs/diag-2025-09-10-050640/snapshot/lib/patient-shares.ts 5ms (unchanged)
logs/diag-2025-09-10-050640/snapshot/lib/patients.ts 20ms (unchanged)
logs/diag-2025-09-10-050640/snapshot/lib/supabase-browser.ts 1ms (unchanged)
logs/diag-2025-09-10-050640/snapshot/lib/supabase/client.ts 1ms (unchanged)
logs/diag-2025-09-10-050640/tsconfig.effective.json 11ms
logs/diag-2025-09-10-050640/tsconfig.json 2ms (unchanged)
middleware.ts 4ms (unchanged)
next.config.ts 3ms (unchanged)
package-lock.json 164ms (unchanged)
package.json 1ms (unchanged)
README.md 43ms (unchanged)
sentry.client.config.ts 4ms (unchanged)
sentry.server.config.ts 3ms (unchanged)
tsconfig.json 4ms (unchanged)
tsconfig.typecheck.json 1ms (unchanged)
Logs de ESLint en logs/diag-2025-09-10-050640/eslint.*

=== TypeScript (tsc -noEmit) ===
app/(app)/pacientes/[id]/page.tsx(6,10): error TS2305: Module '"@/lib/supabase-browser"' has no exported member 'getSupabaseBrowser'.
app/(app)/pacientes/[id]/page.tsx(80,19): error TS18047: 'p' is possibly 'null'.
app/(app)/pacientes/[id]/page.tsx(81,17): error TS18047: 'p' is possibly 'null'.
app/(app)/pacientes/[id]/page.tsx(81,17): error TS2345: Argument of type 'number | null | undefined' is not assignable to parameter of type 'SetStateAction<number | "">'.
  Type 'undefined' is not assignable to type 'SetStateAction<number | "">'.
app/(app)/pacientes/[id]/page.tsx(82,19): error TS18047: 'p' is possibly 'null'.
app/(app)/pacientes/[id]/page.tsx(82,19): error TS2345: Argument of type 'Gender | null | undefined' is not assignable to parameter of type 'SetStateAction<"F" | "M" | "O">'.
  Type 'undefined' is not assignable to type 'SetStateAction<"F" | "M" | "O">'.
app/(app)/pacientes/[id]/page.tsx(239,13): error TS2345: Argument of type 'number | null | undefined' is not assignable to parameter of type 'SetStateAction<number | "">'.
  Type 'undefined' is not assignable to type 'SetStateAction<number | "">'.
app/(app)/pacientes/[id]/page.tsx(240,15): error TS2345: Argument of type 'Gender | null | undefined' is not assignable to parameter of type 'SetStateAction<"F" | "M" | "O">'.
  Type 'undefined' is not assignable to type 'SetStateAction<"F" | "M" | "O">'.
app/(app)/pacientes/[id]/page.tsx(263,72): error TS2322: Type '"F" | "M" | "O"' is not assignable to type 'Gender | null | undefined'.
  Type '"F"' is not assignable to type 'Gender | null | undefined'.
app/(app)/test-ui/upload/page.tsx(4,10): error TS2305: Module '"@/lib/supabase-browser"' has no exported member 'getSupabaseBrowser'.
app/(auth)/login/page.tsx(4,10): error TS2305: Module '"@/lib/supabase-browser"' has no exported member 'getSupabaseBrowser'.
app/(auth)/register/page.tsx(5,10): error TS2305: Module '"@/lib/supabase/client"' has no exported member 'getSupabaseClient'.
app/(auth)/reset-password/page.tsx(4,10): error TS2305: Module '"@/lib/supabase-browser"' has no exported member 'getSupabaseBrowser'.
app/(auth)/update-password/page.tsx(5,10): error TS2305: Module '"@/lib/supabase-browser"' has no exported member 'getSupabaseBrowser'.
components/AuthGate.tsx(5,10): error TS2305: Module '"@/lib/supabase-browser"' has no exported member 'getSupabaseBrowser'.
components/AuthGate.tsx(30,62): error TS7006: Parameter '_event' implicitly has an 'any' type.
components/AuthGate.tsx(30,70): error TS7006: Parameter 'sess' implicitly has an 'any' type.
components/Emoji.tsx(19,7): error TS2322: Type '{ emoji: string; size: any; mode: EmojiMode; color: string; accentColor: string; className: any; title: any; }' is not assignable to type 'IntrinsicAttributes & Props'.
  Property 'mode' does not exist on type 'IntrinsicAttributes & Props'.
components/Navbar.tsx(6,10): error TS2305: Module '"@/lib/supabase-browser"' has no exported member 'getSupabaseBrowser'.
components/Toast.tsx(123,25): error TS2322: Type '{ emoji: string; mode: string; }' is not assignable to type 'IntrinsicAttributes & Props'.
  Property 'mode' does not exist on type 'IntrinsicAttributes & Props'.
hooks/useNotesRealtime.ts(3,10): error TS2305: Module '"@/lib/supabase-browser"' has no exported member 'getSupabaseBrowser'.
hooks/usePatientsRealtime.ts(3,10): error TS2305: Module '"@/lib/supabase-browser"' has no exported member 'getSupabaseBrowser'.
lib/audit.ts(1,10): error TS2305: Module '"@/lib/supabase-browser"' has no exported member 'getSupabaseBrowser'.
lib/org.ts(1,10): error TS2305: Module '"@/lib/supabase-browser"' has no exported member 'getSupabaseBrowser'.
lib/patient-files.ts(1,10): error TS2305: Module '"@/lib/supabase-browser"' has no exported member 'getSupabaseBrowser'.
lib/patient-notes.ts(1,10): error TS2305: Module '"@/lib/supabase-browser"' has no exported member 'getSupabaseBrowser'.
lib/patient-shares.ts(1,10): error TS2305: Module '"@/lib/supabase-browser"' has no exported member 'getSupabaseBrowser'.
lib/patients-search.ts(1,10): error TS2305: Module '"@/lib/supabase-browser"' has no exported member 'getSupabaseBrowser'.
lib/patients.ts(1,10): error TS2305: Module '"@/lib/supabase-browser"' has no exported member 'getSupabaseBrowser'.
lib/storage.ts(1,10): error TS2305: Module '"@/lib/supabase-browser"' has no exported member 'getSupabaseBrowser'.
logs/diag-2025-09-10-050640/snapshot/app/(app)/pacientes/[id]/page.tsx(6,10): error TS2305: Module '"@/lib/supabase-browser"' has no exported member 'getSupabaseBrowser'.
logs/diag-2025-09-10-050640/snapshot/app/(app)/pacientes/[id]/page.tsx(80,19): error TS18047: 'p' is possibly 'null'.
logs/diag-2025-09-10-050640/snapshot/app/(app)/pacientes/[id]/page.tsx(81,17): error TS18047: 'p' is possibly 'null'.
logs/diag-2025-09-10-050640/snapshot/app/(app)/pacientes/[id]/page.tsx(81,17): error TS2345: Argument of type 'number | null | undefined' is not assignable to parameter of type 'SetStateAction<number | "">'.
  Type 'undefined' is not assignable to type 'SetStateAction<number | "">'.
logs/diag-2025-09-10-050640/snapshot/app/(app)/pacientes/[id]/page.tsx(82,19): error TS18047: 'p' is possibly 'null'.
logs/diag-2025-09-10-050640/snapshot/app/(app)/pacientes/[id]/page.tsx(82,19): error TS2345: Argument of type 'Gender | null | undefined' is not assignable to parameter of type 'SetStateAction<"F" | "M" | "O">'.
  Type 'undefined' is not assignable to type 'SetStateAction<"F" | "M" | "O">'.
logs/diag-2025-09-10-050640/snapshot/app/(app)/pacientes/[id]/page.tsx(239,13): error TS2345: Argument of type 'number | null | undefined' is not assignable to parameter of type 'SetStateAction<number | "">'.
  Type 'undefined' is not assignable to type 'SetStateAction<number | "">'.
logs/diag-2025-09-10-050640/snapshot/app/(app)/pacientes/[id]/page.tsx(240,15): error TS2345: Argument of type 'Gender | null | undefined' is not assignable to parameter of type 'SetStateAction<"F" | "M" | "O">'.
  Type 'undefined' is not assignable to type 'SetStateAction<"F" | "M" | "O">'.
logs/diag-2025-09-10-050640/snapshot/app/(app)/pacientes/[id]/page.tsx(263,72): error TS2322: Type '"F" | "M" | "O"' is not assignable to type 'Gender | null | undefined'.
  Type '"F"' is not assignable to type 'Gender | null | undefined'.
logs/diag-2025-09-10-050640/snapshot/app/(app)/test-ui/upload/page.tsx(4,10): error TS2305: Module '"@/lib/supabase-browser"' has no exported member 'getSupabaseBrowser'.
logs/diag-2025-09-10-050640/snapshot/components/Toast.tsx(123,25): error TS2322: Type '{ emoji: string; mode: string; }' is not assignable to type 'IntrinsicAttributes & Props'.
  Property 'mode' does not exist on type 'IntrinsicAttributes & Props'.
logs/diag-2025-09-10-050640/snapshot/lib/audit.ts(1,10): error TS2305: Module '"@/lib/supabase-browser"' has no exported member 'getSupabaseBrowser'.
logs/diag-2025-09-10-050640/snapshot/lib/org.ts(1,10): error TS2305: Module '"@/lib/supabase-browser"' has no exported member 'getSupabaseBrowser'.
logs/diag-2025-09-10-050640/snapshot/lib/patient-files.ts(1,10): error TS2305: Module '"@/lib/supabase-browser"' has no exported member 'getSupabaseBrowser'.
logs/diag-2025-09-10-050640/snapshot/lib/patient-notes.ts(1,10): error TS2305: Module '"@/lib/supabase-browser"' has no exported member 'getSupabaseBrowser'.
logs/diag-2025-09-10-050640/snapshot/lib/patient-shares.ts(1,10): error TS2305: Module '"@/lib/supabase-browser"' has no exported member 'getSupabaseBrowser'.
logs/diag-2025-09-10-050640/snapshot/lib/patients.ts(1,10): error TS2305: Module '"@/lib/supabase-browser"' has no exported member 'getSupabaseBrowser'.

=== Build Next.js (Turbopack) ===
   ▲ Next.js 15.5.2 (Turbopack)
   - Environments: .env.local

   Creating an optimized production build ...
 ⚠ Slow filesystem detected. The benchmark took 128ms. If /workspaces/sanoa-lab/.next is a network drive, consider moving it to a local folder. If you have an antivirus enabled, consider excluding your project directory.
 ✓ Finished writing to disk in 78ms

> Build error occurred
Error: Turbopack build failed with 32 errors:
./app/(app)/pacientes/[id]/page.tsx:6:1
Export getSupabaseBrowser doesn't exist in target module
[0m [90m 4 |[39m [36mimport[39m { useParams } [36mfrom[39m [32m"next/navigation"[39m[33m;[39m
 [90m 5 |[39m [36mimport[39m [33mColorEmoji[39m [36mfrom[39m [32m"@/components/ColorEmoji"[39m[33m;[39m
[31m[1m>[22m[39m[90m 6 |[39m [36mimport[39m { getSupabaseBrowser } [36mfrom[39m [32m"@/lib/supabase-browser"[39m[33m;[39m
 [90m   |[39m [31m[1m^[22m[39m[31m[1m^[22m[39m[31m[1m^[22m[39m[31m[1m^[22m[39m[31m[1m^[22m[39m[31m[1m^[22m[39m[31m[1m^[22m[39m[31m[1m^[22m[39m[31m[1m^[22m[39m[31m[1m^[22m[39m[31m[1m^[22m[39m[31m[1m^[22m[39m[31m[1m^[22m[39m[31m[1m^[22m[39m[31m[1m^[22m[39m[31m[1m^[22m[39m[31m[1m^[22m[39m[31m[1m^[22m[39m[31m[1m^[22m[39m[31m[1m^[22m[39m[31m[1m^[22m[39m[31m[1m^[22m[39m[31m[1m^[22m[39m[31m[1m^[22m[39m[31m[1m^[22m[39m[31m[1m^[22m[39m[31m[1m^[22m[39m[31m[1m^[22m[39m[31m[1m^[22m[39m[31m[1m^[22m[39m[31m[1m^[22m[39m[31m[1m^[22m[39m[31m[1m^[22m[39m[31m[1m^[22m[39m[31m[1m^[22m[39m[31m[1m^[22m[39m[31m[1m^[22m[39m[31m[1m^[22m[39m[31m[1m^[22m[39m[31m[1m^[22m[39m[31m[1m^[22m[39m[31m[1m^[22m[39m[31m[1m^[22m[39m[31m[1m^[22m[39m[31m[1m^[22m[39m[31m[1m^[22m[39m[31m[1m^[22m[39m[31m[1m^[22m[39m[31m[1m^[22m[39m[31m[1m^[22m[39m[31m[1m^[22m[39m[31m[1m^[22m[39m[31m[1m^[22m[39m[31m[1m^[22m[39m[31m[1m^[22m[39m[31m[1m^[22m[39m[31m[1m^[22m[39m[31m[1m^[22m[39m[31m[1m^[22m[39m[31m[1m^[22m[39m
 [90m 7 |[39m [36mimport[39m { getPatient[33m,[39m updatePatient[33m,[39m type [33mPatient[39m } [36mfrom[39m [32m"@/lib/patients"[39m[33m;[39m
 [90m 8 |[39m [36mimport[39m { listNotes[33m,[39m createNote[33m,[39m deleteNote[33m,[39m type [33mPatientNote[39m } [36mfrom[39m [32m"@/lib/patient-notes"[39m[33m;[39m
 [90m 9 |[39m [36mimport[39m {[0m

The export getSupabaseBrowser was not found in module [project]/lib/supabase-browser.ts [app-client] (ecmascript).
Did you mean to import supabase?
All exports of the module are statically known (It doesn't have dynamic exports). So it's known statically that the requested export doesn't exist.


./app/(app)/pacientes/[id]/page.tsx:6:1
Export getSupabaseBrowser doesn't exist in target module
[0m [90m 4 |[39m [36mimport[39m { useParams } [36mfrom[39m [32m"next/navigation"[39m[33m;[39m
 [90m 5 |[39m [36mimport[39m [33mColorEmoji[39m [36mfrom[39m [32m"@/components/ColorEmoji"[39m[33m;[39m
[31m[1m>[22m[39m[90m 6 |[39m [36mimport[39m { getSupabaseBrowser } [36mfrom[39m [32m"@/lib/supabase-browser"[39m[33m;[39m
 [90m   |[39m [31m[1m^[22m[39m[31m[1m^[22m[39m[31m[1m^[22m[39m[31m[1m^[22m[39m[31m[1m^[22m[39m[31m[1m^[22m[39m[31m[1m^[22m[39m[31m[1m^[22m[39m[31m[1m^[22m[39m[31m[1m^[22m[39m[31m[1m^[22m[39m[31m[1m^[22m[39m[31m[1m^[22m[39m[31m[1m^[22m[39m[31m[1m^[22m[39m[31m[1m^[22m[39m[31m[1m^[22m[39m[31m[1m^[22m[39m[31m[1m^[22m[39m[31m[1m^[22m[39m[31m[1m^[22m[39m[31m[1m^[22m[39m[31m[1m^[22m[39m[31m[1m^[22m[39m[31m[1m^[22m[39m[31m[1m^[22m[39m[31m[1m^[22m[39m[31m[1m^[22m[39m[31m[1m^[22m[39m[31m[1m^[22m[39m[31m[1m^[22m[39m[31m[1m^[22m[39m[31m[1m^[22m[39m[31m[1m^[22m[39m[31m[1m^[22m[39m[31m[1m^[22m[39m[31m[1m^[22m[39m[31m[1m^[22m[39m[31m[1m^[22m[39m[31m[1m^[22m[39m[31m[1m^[22m[39m[31m[1m^[22m[39m[31m[1m^[22m[39m[31m[1m^[22m[39m[31m[1m^[22m[39m[31m[1m^[22m[39m[31m[1m^[22m[39m[31m[1m^[22m[39m[31m[1m^[22m[39m[31m[1m^[22m[39m[31m[1m^[22m[39m[31m[1m^[22m[39m[31m[1m^[22m[39m[31m[1m^[22m[39m[31m[1m^[22m[39m[31m[1m^[22m[39m[31m[1m^[22m[39m[31m[1m^[22m[39m[31m[1m^[22m[39m[31m[1m^[22m[39m
 [90m 7 |[39m [36mimport[39m { getPatient[33m,[39m updatePatient[33m,[39m type [33mPatient[39m } [36mfrom[39m [32m"@/lib/patients"[39m[33m;[39m
 [90m 8 |[39m [36mimport[39m { listNotes[33m,[39m createNote[33m,[39m deleteNote[33m,[39m type [33mPatientNote[39m } [36mfrom[39m [32m"@/lib/patient-notes"[39m[33m;[39m
 [90m 9 |[39m [36mimport[39m {[0m

The export getSupabaseBrowser was not found in module [project]/lib/supabase-browser.ts [app-ssr] (ecmascript).
Did you mean to import supabase?
All exports of the module are statically known (It doesn't have dynamic exports). So it's known statically that the requested export doesn't exist.


./app/(app)/test-ui/upload/page.tsx:4:1
Export getSupabaseBrowser doesn't exist in target module
[0m [90m 2 |[39m [36mimport[39m { useEffect[33m,[39m useMemo[33m,[39m useRef[33m,[39m useState } [36mfrom[39m [32m"react"[39m[33m;[39m
 [90m 3 |[39m [36mimport[39m [33mColorEmoji[39m [36mfrom[39m [32m"@/components/ColorEmoji"[39m[33m;[39m
[31m[1m>[22m[39m[90m 4 |[39m [36mimport[39m { getSupabaseBrowser } [36mfrom[39m [32m"@/lib/supabase-browser"[39m[33m;[39m
 [90m   |[39m [31m[1m^[22m[39m[31m[1m^[22m[39m[31m[1m^[22m[39m[31m[1m^[22m[39m[31m[1m^[22m[39m[31m[1m^[22m[39m[31m[1m^[22m[39m[31m[1m^[22m[39m[31m[1m^[22m[39m[31m[1m^[22m[39m[31m[1m^[22m[39m[31m[1m^[22m[39m[31m[1m^[22m[39m[31m[1m^[22m[39m[31m[1m^[22m[39m[31m[1m^[22m[39m[31m[1m^[22m[39m[31m[1m^[22m[39m[31m[1m^[22m[39m[31m[1m^[22m[39m[31m[1m^[22m[39m[31m[1m^[22m[39m[31m[1m^[22m[39m[31m[1m^[22m[39m[31m[1m^[22m[39m[31m[1m^[22m[39m[31m[1m^[22m[39m[31m[1m^[22m[39m[31m[1m^[22m[39m[31m[1m^[22m[39m[31m[1m^[22m[39m[31m[1m^[22m[39m[31m[1m^[22m[39m[31m[1m^[22m[39m[31m[1m^[22m[39m[31m[1m^[22m[39m[31m[1m^[22m[39m[31m[1m^[22m[39m[31m[1m^[22m[39m[31m[1m^[22m[39m[31m[1m^[22m[39m[31m[1m^[22m[39m[31m[1m^[22m[39m[31m[1m^[22m[39m[31m[1m^[22m[39m[31m[1m^[22m[39m[31m[1m^[22m[39m[31m[1m^[22m[39m[31m[1m^[22m[39m[31m[1m^[22m[39m[31m[1m^[22m[39m[31m[1m^[22m[39m[31m[1m^[22m[39m[31m[1m^[22m[39m[31m[1m^[22m[39m[31m[1m^[22m[39m[31m[1m^[22m[39m[31m[1m^[22m[39m[31m[1m^[22m[39m[31m[1m^[22m[39m
 [90m 5 |[39m [36mimport[39m { showToast } [36mfrom[39m [32m"@/components/Toaster"[39m[33m;[39m
 [90m 6 |[39m [36mimport[39m { getSignedUrl } [36mfrom[39m [32m"@/lib/storage"[39m[33m;[39m
 [90m 7 |[39m[0m

The export getSupabaseBrowser was not found in module [project]/lib/supabase-browser.ts [app-client] (ecmascript).
Did you mean to import supabase?
All exports of the module are statically known (It doesn't have dynamic exports). So it's known statically that the requested export doesn't exist.


./app/(app)/test-ui/upload/page.tsx:4:1
Export getSupabaseBrowser doesn't exist in target module
[0m [90m 2 |[39m [36mimport[39m { useEffect[33m,[39m useMemo[33m,[39m useRef[33m,[39m useState } [36mfrom[39m [32m"react"[39m[33m;[39m
 [90m 3 |[39m [36mimport[39m [33mColorEmoji[39m [36mfrom[39m [32m"@/components/ColorEmoji"[39m[33m;[39m
[31m[1m>[22m[39m[90m 4 |[39m [36mimport[39m { getSupabaseBrowser } [36mfrom[39m [32m"@/lib/supabase-browser"[39m[33m;[39m
 [90m   |[39m [31m[1m^[22m[39m[31m[1m^[22m[39m[31m[1m^[22m[39m[31m[1m^[22m[39m[31m[1m^[22m[39m[31m[1m^[22m[39m[31m[1m^[22m[39m[31m[1m^[22m[39m[31m[1m^[22m[39m[31m[1m^[22m[39m[31m[1m^[22m[39m[31m[1m^[22m[39m[31m[1m^[22m[39m[31m[1m^[22m[39m[31m[1m^[22m[39m[31m[1m^[22m[39m[31m[1m^[22m[39m[31m[1m^[22m[39m[31m[1m^[22m[39m[31m[1m^[22m[39m[31m[1m^[22m[39m[31m[1m^[22m[39m[31m[1m^[22m[39m[31m[1m^[22m[39m[31m[1m^[22m[39m[31m[1m^[22m[39m[31m[1m^[22m[39m[31m[1m^[22m[39m[31m[1m^[22m[39m[31m[1m^[22m[39m[31m[1m^[22m[39m[31m[1m^[22m[39m[31m[1m^[22m[39m[31m[1m^[22m[39m[31m[1m^[22m[39m[31m[1m^[22m[39m[31m[1m^[22m[39m[31m[1m^[22m[39m[31m[1m^[22m[39m[31m[1m^[22m[39m[31m[1m^[22m[39m[31m[1m^[22m[39m[31m[1m^[22m[39m[31m[1m^[22m[39m[31m[1m^[22m[39m[31m[1m^[22m[39m[31m[1m^[22m[39m[31m[1m^[22m[39m[31m[1m^[22m[39m[31m[1m^[22m[39m[31m[1m^[22m[39m[31m[1m^[22m[39m[31m[1m^[22m[39m[31m[1m^[22m[39m[31m[1m^[22m[39m[31m[1m^[22m[39m[31m[1m^[22m[39m[31m[1m^[22m[39m[31m[1m^[22m[39m[31m[1m^[22m[39m
 [90m 5 |[39m [36mimport[39m { showToast } [36mfrom[39m [32m"@/components/Toaster"[39m[33m;[39m
 [90m 6 |[39m [36mimport[39m { getSignedUrl } [36mfrom[39m [32m"@/lib/storage"[39m[33m;[39m
 [90m 7 |[39m[0m

The export getSupabaseBrowser was not found in module [project]/lib/supabase-browser.ts [app-ssr] (ecmascript).
Did you mean to import supabase?
All exports of the module are statically known (It doesn't have dynamic exports). So it's known statically that the requested export doesn't exist.


./app/(auth)/login/page.tsx:4:1
Export getSupabaseBrowser doesn't exist in target module
[0m [90m 2 |[39m [36mimport[39m { useRouter[33m,[39m useSearchParams } [36mfrom[39m [32m"next/navigation"[39m[33m;[39m
 [90m 3 |[39m [36mimport[39m { useEffect[33m,[39m useState } [36mfrom[39m [32m"react"[39m[33m;[39m
[31m[1m>[22m[39m[90m 4 |[39m [36mimport[39m { getSupabaseBrowser } [36mfrom[39m [32m"@/lib/supabase-browser"[39m[33m;[39m
 [90m   |[39m [31m[1m^[22m[39m[31m[1m^[22m[39m[31m[1m^[22m[39m[31m[1m^[22m[39m[31m[1m^[22m[39m[31m[1m^[22m[39m[31m[1m^[22m[39m[31m[1m^[22m[39m[31m[1m^[22m[39m[31m[1m^[22m[39m[31m[1m^[22m[39m[31m[1m^[22m[39m[31m[1m^[22m[39m[31m[1m^[22m[39m[31m[1m^[22m[39m[31m[1m^[22m[39m[31m[1m^[22m[39m[31m[1m^[22m[39m[31m[1m^[22m[39m[31m[1m^[22m[39m[31m[1m^[22m[39m[31m[1m^[22m[39m[31m[1m^[22m[39m[31m[1m^[22m[39m[31m[1m^[22m[39m[31m[1m^[22m[39m[31m[1m^[22m[39m[31m[1m^[22m[39m[31m[1m^[22m[39m[31m[1m^[22m[39m[31m[1m^[22m[39m[31m[1m^[22m[39m[31m[1m^[22m[39m[31m[1m^[22m[39m[31m[1m^[22m[39m[31m[1m^[22m[39m[31m[1m^[22m[39m[31m[1m^[22m[39m[31m[1m^[22m[39m[31m[1m^[22m[39m[31m[1m^[22m[39m[31m[1m^[22m[39m[31m[1m^[22m[39m[31m[1m^[22m[39m[31m[1m^[22m[39m[31m[1m^[22m[39m[31m[1m^[22m[39m[31m[1m^[22m[39m[31m[1m^[22m[39m[31m[1m^[22m[39m[31m[1m^[22m[39m[31m[1m^[22m[39m[31m[1m^[22m[39m[31m[1m^[22m[39m[31m[1m^[22m[39m[31m[1m^[22m[39m[31m[1m^[22m[39m[31m[1m^[22m[39m[31m[1m^[22m[39m[31m[1m^[22m[39m
 [90m 5 |[39m [36mimport[39m [33mColorEmoji[39m [36mfrom[39m [32m"@/components/ColorEmoji"[39m[33m;[39m
 [90m 6 |[39m
 [90m 7 |[39m [36mexport[39m [36mdefault[39m [36mfunction[39m [33mLoginPage[39m() {[0m

The export getSupabaseBrowser was not found in module [project]/lib/supabase-browser.ts [app-client] (ecmascript).
Did you mean to import supabase?
All exports of the module are statically known (It doesn't have dynamic exports). So it's known statically that the requested export doesn't exist.


./app/(auth)/login/page.tsx:4:1
Export getSupabaseBrowser doesn't exist in target module
[0m [90m 2 |[39m [36mimport[39m { useRouter[33m,[39m useSearchParams } [36mfrom[39m [32m"next/navigation"[39m[33m;[39m
 [90m 3 |[39m [36mimport[39m { useEffect[33m,[39m useState } [36mfrom[39m [32m"react"[39m[33m;[39m
[31m[1m>[22m[39m[90m 4 |[39m [36mimport[39m { getSupabaseBrowser } [36mfrom[39m [32m"@/lib/supabase-browser"[39m[33m;[39m
 [90m   |[39m [31m[1m^[22m[39m[31m[1m^[22m[39m[31m[1m^[22m[39m[31m[1m^[22m[39m[31m[1m^[22m[39m[31m[1m^[22m[39m[31m[1m^[22m[39m[31m[1m^[22m[39m[31m[1m^[22m[39m[31m[1m^[22m[39m[31m[1m^[22m[39m[31m[1m^[22m[39m[31m[1m^[22m[39m[31m[1m^[22m[39m[31m[1m^[22m[39m[31m[1m^[22m[39m[31m[1m^[22m[39m[31m[1m^[22m[39m[31m[1m^[22m[39m[31m[1m^[22m[39m[31m[1m^[22m[39m[31m[1m^[22m[39m[31m[1m^[22m[39m[31m[1m^[22m[39m[31m[1m^[22m[39m[31m[1m^[22m[39m[31m[1m^[22m[39m[31m[1m^[22m[39m[31m[1m^[22m[39m[31m[1m^[22m[39m[31m[1m^[22m[39m[31m[1m^[22m[39m[31m[1m^[22m[39m[31m[1m^[22m[39m[31m[1m^[22m[39m[31m[1m^[22m[39m[31m[1m^[22m[39m[31m[1m^[22m[39m[31m[1m^[22m[39m[31m[1m^[22m[39m[31m[1m^[22m[39m[31m[1m^[22m[39m[31m[1m^[22m[39m[31m[1m^[22m[39m[31m[1m^[22m[39m[31m[1m^[22m[39m[31m[1m^[22m[39m[31m[1m^[22m[39m[31m[1m^[22m[39m[31m[1m^[22m[39m[31m[1m^[22m[39m[31m[1m^[22m[39m[31m[1m^[22m[39m[31m[1m^[22m[39m[31m[1m^[22m[39m[31m[1m^[22m[39m[31m[1m^[22m[39m[31m[1m^[22m[39m[31m[1m^[22m[39m[31m[1m^[22m[39m
 [90m 5 |[39m [36mimport[39m [33mColorEmoji[39m [36mfrom[39m [32m"@/components/ColorEmoji"[39m[33m;[39m
 [90m 6 |[39m
 [90m 7 |[39m [36mexport[39m [36mdefault[39m [36mfunction[39m [33mLoginPage[39m() {[0m

The export getSupabaseBrowser was not found in module [project]/lib/supabase-browser.ts [app-ssr] (ecmascript).
Did you mean to import supabase?
All exports of the module are statically known (It doesn't have dynamic exports). So it's known statically that the requested export doesn't exist.


./app/(auth)/reset-password/page.tsx:4:1
Export getSupabaseBrowser doesn't exist in target module
[0m [90m 2 |[39m [36mimport[39m { useState } [36mfrom[39m [32m"react"[39m[33m;[39m
 [90m 3 |[39m [36mimport[39m [33mLink[39m [36mfrom[39m [32m"next/link"[39m[33m;[39m
[31m[1m>[22m[39m[90m 4 |[39m [36mimport[39m { getSupabaseBrowser } [36mfrom[39m [32m"@/lib/supabase-browser"[39m[33m;[39m
 [90m   |[39m [31m[1m^[22m[39m[31m[1m^[22m[39m[31m[1m^[22m[39m[31m[1m^[22m[39m[31m[1m^[22m[39m[31m[1m^[22m[39m[31m[1m^[22m[39m[31m[1m^[22m[39m[31m[1m^[22m[39m[31m[1m^[22m[39m[31m[1m^[22m[39m[31m[1m^[22m[39m[31m[1m^[22m[39m[31m[1m^[22m[39m[31m[1m^[22m[39m[31m[1m^[22m[39m[31m[1m^[22m[39m[31m[1m^[22m[39m[31m[1m^[22m[39m[31m[1m^[22m[39m[31m[1m^[22m[39m[31m[1m^[22m[39m[31m[1m^[22m[39m[31m[1m^[22m[39m[31m[1m^[22m[39m[31m[1m^[22m[39m[31m[1m^[22m[39m[31m[1m^[22m[39m[31m[1m^[22m[39m[31m[1m^[22m[39m[31m[1m^[22m[39m[31m[1m^[22m[39m[31m[1m^[22m[39m[31m[1m^[22m[39m[31m[1m^[22m[39m[31m[1m^[22m[39m[31m[1m^[22m[39m[31m[1m^[22m[39m[31m[1m^[22m[39m[31m[1m^[22m[39m[31m[1m^[22m[39m[31m[1m^[22m[39m[31m[1m^[22m[39m[31m[1m^[22m[39m[31m[1m^[22m[39m[31m[1m^[22m[39m[31m[1m^[22m[39m[31m[1m^[22m[39m[31m[1m^[22m[39m[31m[1m^[22m[39m[31m[1m^[22m[39m[31m[1m^[22m[39m[31m[1m^[22m[39m[31m[1m^[22m[39m[31m[1m^[22m[39m[31m[1m^[22m[39m[31m[1m^[22m[39m[31m[1m^[22m[39m[31m[1m^[22m[39m[31m[1m^[22m[39m
 [90m 5 |[39m [36mimport[39m [33mColorEmoji[39m [36mfrom[39m [32m"@/components/ColorEmoji"[39m[33m;[39m
 [90m 6 |[39m [36mimport[39m { showToast } [36mfrom[39m [32m"@/components/Toaster"[39m[33m;[39m
 [90m 7 |[39m[0m

The export getSupabaseBrowser was not found in module [project]/lib/supabase-browser.ts [app-client] (ecmascript).
Did you mean to import supabase?
All exports of the module are statically known (It doesn't have dynamic exports). So it's known statically that the requested export doesn't exist.


./app/(auth)/reset-password/page.tsx:4:1
Export getSupabaseBrowser doesn't exist in target module
[0m [90m 2 |[39m [36mimport[39m { useState } [36mfrom[39m [32m"react"[39m[33m;[39m
 [90m 3 |[39m [36mimport[39m [33mLink[39m [36mfrom[39m [32m"next/link"[39m[33m;[39m
[31m[1m>[22m[39m[90m 4 |[39m [36mimport[39m { getSupabaseBrowser } [36mfrom[39m [32m"@/lib/supabase-browser"[39m[33m;[39m
 [90m   |[39m [31m[1m^[22m[39m[31m[1m^[22m[39m[31m[1m^[22m[39m[31m[1m^[22m[39m[31m[1m^[22m[39m[31m[1m^[22m[39m[31m[1m^[22m[39m[31m[1m^[22m[39m[31m[1m^[22m[39m[31m[1m^[22m[39m[31m[1m^[22m[39m[31m[1m^[22m[39m[31m[1m^[22m[39m[31m[1m^[22m[39m[31m[1m^[22m[39m[31m[1m^[22m[39m[31m[1m^[22m[39m[31m[1m^[22m[39m[31m[1m^[22m[39m[31m[1m^[22m[39m[31m[1m^[22m[39m[31m[1m^[22m[39m[31m[1m^[22m[39m[31m[1m^[22m[39m[31m[1m^[22m[39m[31m[1m^[22m[39m[31m[1m^[22m[39m[31m[1m^[22m[39m[31m[1m^[22m[39m[31m[1m^[22m[39m[31m[1m^[22m[39m[31m[1m^[22m[39m[31m[1m^[22m[39m[31m[1m^[22m[39m[31m[1m^[22m[39m[31m[1m^[22m[39m[31m[1m^[22m[39m[31m[1m^[22m[39m[31m[1m^[22m[39m[31m[1m^[22m[39m[31m[1m^[22m[39m[31m[1m^[22m[39m[31m[1m^[22m[39m[31m[1m^[22m[39m[31m[1m^[22m[39m[31m[1m^[22m[39m[31m[1m^[22m[39m[31m[1m^[22m[39m[31m[1m^[22m[39m[31m[1m^[22m[39m[31m[1m^[22m[39m[31m[1m^[22m[39m[31m[1m^[22m[39m[31m[1m^[22m[39m[31m[1m^[22m[39m[31m[1m^[22m[39m[31m[1m^[22m[39m[31m[1m^[22m[39m[31m[1m^[22m[39m[31m[1m^[22m[39m
 [90m 5 |[39m [36mimport[39m [33mColorEmoji[39m [36mfrom[39m [32m"@/components/ColorEmoji"[39m[33m;[39m
 [90m 6 |[39m [36mimport[39m { showToast } [36mfrom[39m [32m"@/components/Toaster"[39m[33m;[39m
 [90m 7 |[39m[0m

The export getSupabaseBrowser was not found in module [project]/lib/supabase-browser.ts [app-ssr] (ecmascript).
Did you mean to import supabase?
All exports of the module are statically known (It doesn't have dynamic exports). So it's known statically that the requested export doesn't exist.


./app/(auth)/update-password/page.tsx:5:1
Export getSupabaseBrowser doesn't exist in target module
[0m [90m 3 |[39m [36mimport[39m [33mLink[39m [36mfrom[39m [32m"next/link"[39m[33m;[39m
 [90m 4 |[39m [36mimport[39m { useRouter[33m,[39m useSearchParams } [36mfrom[39m [32m"next/navigation"[39m[33m;[39m
[31m[1m>[22m[39m[90m 5 |[39m [36mimport[39m { getSupabaseBrowser } [36mfrom[39m [32m"@/lib/supabase-browser"[39m[33m;[39m
 [90m   |[39m [31m[1m^[22m[39m[31m[1m^[22m[39m[31m[1m^[22m[39m[31m[1m^[22m[39m[31m[1m^[22m[39m[31m[1m^[22m[39m[31m[1m^[22m[39m[31m[1m^[22m[39m[31m[1m^[22m[39m[31m[1m^[22m[39m[31m[1m^[22m[39m[31m[1m^[22m[39m[31m[1m^[22m[39m[31m[1m^[22m[39m[31m[1m^[22m[39m[31m[1m^[22m[39m[31m[1m^[22m[39m[31m[1m^[22m[39m[31m[1m^[22m[39m[31m[1m^[22m[39m[31m[1m^[22m[39m[31m[1m^[22m[39m[31m[1m^[22m[39m[31m[1m^[22m[39m[31m[1m^[22m[39m[31m[1m^[22m[39m[31m[1m^[22m[39m[31m[1m^[22m[39m[31m[1m^[22m[39m[31m[1m^[22m[39m[31m[1m^[22m[39m[31m[1m^[22m[39m[31m[1m^[22m[39m[31m[1m^[22m[39m[31m[1m^[22m[39m[31m[1m^[22m[39m[31m[1m^[22m[39m[31m[1m^[22m[39m[31m[1m^[22m[39m[31m[1m^[22m[39m[31m[1m^[22m[39m[31m[1m^[22m[39m[31m[1m^[22m[39m[31m[1m^[22m[39m[31m[1m^[22m[39m[31m[1m^[22m[39m[31m[1m^[22m[39m[31m[1m^[22m[39m[31m[1m^[22m[39m[31m[1m^[22m[39m[31m[1m^[22m[39m[31m[1m^[22m[39m[31m[1m^[22m[39m[31m[1m^[22m[39m[31m[1m^[22m[39m[31m[1m^[22m[39m[31m[1m^[22m[39m[31m[1m^[22m[39m[31m[1m^[22m[39m[31m[1m^[22m[39m
 [90m 6 |[39m [36mimport[39m [33mColorEmoji[39m [36mfrom[39m [32m"@/components/ColorEmoji"[39m[33m;[39m
 [90m 7 |[39m [36mimport[39m { showToast } [36mfrom[39m [32m"@/components/Toaster"[39m[33m;[39m
 [90m 8 |[39m[0m

The export getSupabaseBrowser was not found in module [project]/lib/supabase-browser.ts [app-client] (ecmascript).
Did you mean to import supabase?
All exports of the module are statically known (It doesn't have dynamic exports). So it's known statically that the requested export doesn't exist.


./app/(auth)/update-password/page.tsx:5:1
Export getSupabaseBrowser doesn't exist in target module
[0m [90m 3 |[39m [36mimport[39m [33mLink[39m [36mfrom[39m [32m"next/link"[39m[33m;[39m
 [90m 4 |[39m [36mimport[39m { useRouter[33m,[39m useSearchParams } [36mfrom[39m [32m"next/navigation"[39m[33m;[39m
[31m[1m>[22m[39m[90m 5 |[39m [36mimport[39m { getSupabaseBrowser } [36mfrom[39m [32m"@/lib/supabase-browser"[39m[33m;[39m
 [90m   |[39m [31m[1m^[22m[39m[31m[1m^[22m[39m[31m[1m^[22m[39m[31m[1m^[22m[39m[31m[1m^[22m[39m[31m[1m^[22m[39m[31m[1m^[22m[39m[31m[1m^[22m[39m[31m[1m^[22m[39m[31m[1m^[22m[39m[31m[1m^[22m[39m[31m[1m^[22m[39m[31m[1m^[22m[39m[31m[1m^[22m[39m[31m[1m^[22m[39m[31m[1m^[22m[39m[31m[1m^[22m[39m[31m[1m^[22m[39m[31m[1m^[22m[39m[31m[1m^[22m[39m[31m[1m^[22m[39m[31m[1m^[22m[39m[31m[1m^[22m[39m[31m[1m^[22m[39m[31m[1m^[22m[39m[31m[1m^[22m[39m[31m[1m^[22m[39m[31m[1m^[22m[39m[31m[1m^[22m[39m[31m[1m^[22m[39m[31m[1m^[22m[39m[31m[1m^[22m[39m[31m[1m^[22m[39m[31m[1m^[22m[39m[31m[1m^[22m[39m[31m[1m^[22m[39m[31m[1m^[22m[39m[31m[1m^[22m[39m[31m[1m^[22m[39m[31m[1m^[22m[39m[31m[1m^[22m[39m[31m[1m^[22m[39m[31m[1m^[22m[39m[31m[1m^[22m[39m[31m[1m^[22m[39m[31m[1m^[22m[39m[31m[1m^[22m[39m[31m[1m^[22m[39m[31m[1m^[22m[39m[31m[1m^[22m[39m[31m[1m^[22m[39m[31m[1m^[22m[39m[31m[1m^[22m[39m[31m[1m^[22m[39m[31m[1m^[22m[39m[31m[1m^[22m[39m[31m[1m^[22m[39m[31m[1m^[22m[39m[31m[1m^[22m[39m[31m[1m^[22m[39m
 [90m 6 |[39m [36mimport[39m [33mColorEmoji[39m [36mfrom[39m [32m"@/components/ColorEmoji"[39m[33m;[39m
 [90m 7 |[39m [36mimport[39m { showToast } [36mfrom[39m [32m"@/components/Toaster"[39m[33m;[39m
 [90m 8 |[39m[0m

The export getSupabaseBrowser was not found in module [project]/lib/supabase-browser.ts [app-ssr] (ecmascript).
Did you mean to import supabase?
All exports of the module are statically known (It doesn't have dynamic exports). So it's known statically that the requested export doesn't exist.


./components/AuthGate.tsx:5:1
Export getSupabaseBrowser doesn't exist in target module
[0m [90m 3 |[39m [36mimport[39m { useEffect[33m,[39m useState } [36mfrom[39m [32m"react"[39m[33m;[39m
 [90m 4 |[39m [36mimport[39m { usePathname[33m,[39m useRouter } [36mfrom[39m [32m"next/navigation"[39m[33m;[39m
[31m[1m>[22m[39m[90m 5 |[39m [36mimport[39m { getSupabaseBrowser } [36mfrom[39m [32m"@/lib/supabase-browser"[39m[33m;[39m
 [90m   |[39m [31m[1m^[22m[39m[31m[1m^[22m[39m[31m[1m^[22m[39m[31m[1m^[22m[39m[31m[1m^[22m[39m[31m[1m^[22m[39m[31m[1m^[22m[39m[31m[1m^[22m[39m[31m[1m^[22m[39m[31m[1m^[22m[39m[31m[1m^[22m[39m[31m[1m^[22m[39m[31m[1m^[22m[39m[31m[1m^[22m[39m[31m[1m^[22m[39m[31m[1m^[22m[39m[31m[1m^[22m[39m[31m[1m^[22m[39m[31m[1m^[22m[39m[31m[1m^[22m[39m[31m[1m^[22m[39m[31m[1m^[22m[39m[31m[1m^[22m[39m[31m[1m^[22m[39m[31m[1m^[22m[39m[31m[1m^[22m[39m[31m[1m^[22m[39m[31m[1m^[22m[39m[31m[1m^[22m[39m[31m[1m^[22m[39m[31m[1m^[22m[39m[31m[1m^[22m[39m[31m[1m^[22m[39m[31m[1m^[22m[39m[31m[1m^[22m[39m[31m[1m^[22m[39m[31m[1m^[22m[39m[31m[1m^[22m[39m[31m[1m^[22m[39m[31m[1m^[22m[39m[31m[1m^[22m[39m[31m[1m^[22m[39m[31m[1m^[22m[39m[31m[1m^[22m[39m[31m[1m^[22m[39m[31m[1m^[22m[39m[31m[1m^[22m[39m[31m[1m^[22m[39m[31m[1m^[22m[39m[31m[1m^[22m[39m[31m[1m^[22m[39m[31m[1m^[22m[39m[31m[1m^[22m[39m[31m[1m^[22m[39m[31m[1m^[22m[39m[31m[1m^[22m[39m[31m[1m^[22m[39m[31m[1m^[22m[39m[31m[1m^[22m[39m[31m[1m^[22m[39m
 [90m 6 |[39m [36mimport[39m [33mColorEmoji[39m [36mfrom[39m [32m"@/components/ColorEmoji"[39m[33m;[39m
 [90m 7 |[39m
 [90m 8 |[39m [36mexport[39m [36mdefault[39m [36mfunction[39m [33mAuthGate[39m({ children }[33m:[39m { children[33m:[39m [33mReact[39m[33m.[39m[33mReactNode[39m }) {[0m

The export getSupabaseBrowser was not found in module [project]/lib/supabase-browser.ts [app-client] (ecmascript).
Did you mean to import supabase?
All exports of the module are statically known (It doesn't have dynamic exports). So it's known statically that the requested export doesn't exist.


./components/AuthGate.tsx:5:1
Export getSupabaseBrowser doesn't exist in target module
[0m [90m 3 |[39m [36mimport[39m { useEffect[33m,[39m useState } [36mfrom[39m [32m"react"[39m[33m;[39m
 [90m 4 |[39m [36mimport[39m { usePathname[33m,[39m useRouter } [36mfrom[39m [32m"next/navigation"[39m[33m;[39m
[31m[1m>[22m[39m[90m 5 |[39m [36mimport[39m { getSupabaseBrowser } [36mfrom[39m [32m"@/lib/supabase-browser"[39m[33m;[39m
 [90m   |[39m [31m[1m^[22m[39m[31m[1m^[22m[39m[31m[1m^[22m[39m[31m[1m^[22m[39m[31m[1m^[22m[39m[31m[1m^[22m[39m[31m[1m^[22m[39m[31m[1m^[22m[39m[31m[1m^[22m[39m[31m[1m^[22m[39m[31m[1m^[22m[39m[31m[1m^[22m[39m[31m[1m^[22m[39m[31m[1m^[22m[39m[31m[1m^[22m[39m[31m[1m^[22m[39m[31m[1m^[22m[39m[31m[1m^[22m[39m[31m[1m^[22m[39m[31m[1m^[22m[39m[31m[1m^[22m[39m[31m[1m^[22m[39m[31m[1m^[22m[39m[31m[1m^[22m[39m[31m[1m^[22m[39m[31m[1m^[22m[39m[31m[1m^[22m[39m[31m[1m^[22m[39m[31m[1m^[22m[39m[31m[1m^[22m[39m[31m[1m^[22m[39m[31m[1m^[22m[39m[31m[1m^[22m[39m[31m[1m^[22m[39m[31m[1m^[22m[39m[31m[1m^[22m[39m[31m[1m^[22m[39m[31m[1m^[22m[39m[31m[1m^[22m[39m[31m[1m^[22m[39m[31m[1m^[22m[39m[31m[1m^[22m[39m[31m[1m^[22m[39m[31m[1m^[22m[39m[31m[1m^[22m[39m[31m[1m^[22m[39m[31m[1m^[22m[39m[31m[1m^[22m[39m[31m[1m^[22m[39m[31m[1m^[22m[39m[31m[1m^[22m[39m[31m[1m^[22m[39m[31m[1m^[22m[39m[31m[1m^[22m[39m[31m[1m^[22m[39m[31m[1m^[22m[39m[31m[1m^[22m[39m[31m[1m^[22m[39m[31m[1m^[22m[39m[31m[1m^[22m[39m
 [90m 6 |[39m [36mimport[39m [33mColorEmoji[39m [36mfrom[39m [32m"@/components/ColorEmoji"[39m[33m;[39m
 [90m 7 |[39m
 [90m 8 |[39m [36mexport[39m [36mdefault[39m [36mfunction[39m [33mAuthGate[39m({ children }[33m:[39m { children[33m:[39m [33mReact[39m[33m.[39m[33mReactNode[39m }) {[0m

The export getSupabaseBrowser was not found in module [project]/lib/supabase-browser.ts [app-ssr] (ecmascript).
Did you mean to import supabase?
All exports of the module are statically known (It doesn't have dynamic exports). So it's known statically that the requested export doesn't exist.


./components/Navbar.tsx:6:1
Export getSupabaseBrowser doesn't exist in target module
[0m [90m 4 |[39m [36mimport[39m { usePathname[33m,[39m useRouter } [36mfrom[39m [32m"next/navigation"[39m[33m;[39m
 [90m 5 |[39m [36mimport[39m [33mColorEmoji[39m [36mfrom[39m [32m"@/components/ColorEmoji"[39m[33m;[39m
[31m[1m>[22m[39m[90m 6 |[39m [36mimport[39m { getSupabaseBrowser } [36mfrom[39m [32m"@/lib/supabase-browser"[39m[33m;[39m
 [90m   |[39m [31m[1m^[22m[39m[31m[1m^[22m[39m[31m[1m^[22m[39m[31m[1m^[22m[39m[31m[1m^[22m[39m[31m[1m^[22m[39m[31m[1m^[22m[39m[31m[1m^[22m[39m[31m[1m^[22m[39m[31m[1m^[22m[39m[31m[1m^[22m[39m[31m[1m^[22m[39m[31m[1m^[22m[39m[31m[1m^[22m[39m[31m[1m^[22m[39m[31m[1m^[22m[39m[31m[1m^[22m[39m[31m[1m^[22m[39m[31m[1m^[22m[39m[31m[1m^[22m[39m[31m[1m^[22m[39m[31m[1m^[22m[39m[31m[1m^[22m[39m[31m[1m^[22m[39m[31m[1m^[22m[39m[31m[1m^[22m[39m[31m[1m^[22m[39m[31m[1m^[22m[39m[31m[1m^[22m[39m[31m[1m^[22m[39m[31m[1m^[22m[39m[31m[1m^[22m[39m[31m[1m^[22m[39m[31m[1m^[22m[39m[31m[1m^[22m[39m[31m[1m^[22m[39m[31m[1m^[22m[39m[31m[1m^[22m[39m[31m[1m^[22m[39m[31m[1m^[22m[39m[31m[1m^[22m[39m[31m[1m^[22m[39m[31m[1m^[22m[39m[31m[1m^[22m[39m[31m[1m^[22m[39m[31m[1m^[22m[39m[31m[1m^[22m[39m[31m[1m^[22m[39m[31m[1m^[22m[39m[31m[1m^[22m[39m[31m[1m^[22m[39m[31m[1m^[22m[39m[31m[1m^[22m[39m[31m[1m^[22m[39m[31m[1m^[22m[39m[31m[1m^[22m[39m[31m[1m^[22m[39m[31m[1m^[22m[39m[31m[1m^[22m[39m[31m[1m^[22m[39m
 [90m 7 |[39m [36mimport[39m { useToast } [36mfrom[39m [32m"@/components/Toast"[39m[33m;[39m
 [90m 8 |[39m [36mimport[39m { useState } [36mfrom[39m [32m"react"[39m[33m;[39m
 [90m 9 |[39m[0m

The export getSupabaseBrowser was not found in module [project]/lib/supabase-browser.ts [app-client] (ecmascript).

=== Conteos rápidos ===
Archivos TS/TSX:
65
Coincidencias ': any' (aprox):
34 logs/diag-2025-09-10-050640/colon-any.txt

=== Comprimir resultados ===
📦 Preparando logs/diag-2025-09-10-050640.tgz
